{"contracts/Address.sol":{"l":{"41":0,"93":0,"121":0,"122":0,"124":0,"125":0,"171":0,"172":0,"175":0,"178":0,"183":0},"path":"/home/steve/Documents/Dapps/BUSDPlanet/contracts/Address.sol","s":{"1":0,"2":0,"3":0,"4":0,"5":0,"6":0,"7":0,"8":0,"9":0,"10":0},"b":{"1":[0,0],"2":[0,0],"3":[0,0],"4":[0,0]},"f":{"1":0,"2":0,"3":0,"4":0},"fnMap":{"1":{"name":"isContract","line":36,"loc":{"start":{"line":36,"column":4},"end":{"line":42,"column":4}}},"2":{"name":"functionCall","line":88,"loc":{"start":{"line":88,"column":4},"end":{"line":94,"column":4}}},"3":{"name":"functionCallWithValue","line":115,"loc":{"start":{"line":115,"column":4},"end":{"line":126,"column":4}}},"4":{"name":"verifyCallResult","line":166,"loc":{"start":{"line":166,"column":4},"end":{"line":186,"column":4}}}},"statementMap":{"1":{"start":{"line":41,"column":8},"end":{"line":41,"column":38}},"2":{"start":{"line":93,"column":8},"end":{"line":93,"column":67}},"3":{"start":{"line":121,"column":8},"end":{"line":121,"column":88}},"4":{"start":{"line":122,"column":8},"end":{"line":122,"column":67}},"5":{"start":{"line":124,"column":8},"end":{"line":124,"column":81}},"6":{"start":{"line":125,"column":8},"end":{"line":125,"column":66}},"7":{"start":{"line":171,"column":8},"end":{"line":171,"column":6001}},"8":{"start":{"line":172,"column":12},"end":{"line":172,"column":29}},"9":{"start":{"line":175,"column":12},"end":{"line":175,"column":6150}},"10":{"start":{"line":183,"column":16},"end":{"line":183,"column":35}}},"branchMap":{"1":{"line":121,"type":"if","locations":[{"start":{"line":121,"column":8},"end":{"line":121,"column":8}},{"start":{"line":121,"column":8},"end":{"line":121,"column":8}}]},"2":{"line":122,"type":"if","locations":[{"start":{"line":122,"column":8},"end":{"line":122,"column":8}},{"start":{"line":122,"column":8},"end":{"line":122,"column":8}}]},"3":{"line":171,"type":"if","locations":[{"start":{"line":171,"column":8},"end":{"line":171,"column":8}},{"start":{"line":171,"column":8},"end":{"line":171,"column":8}}]},"4":{"line":175,"type":"if","locations":[{"start":{"line":175,"column":12},"end":{"line":175,"column":12}},{"start":{"line":175,"column":12},"end":{"line":175,"column":12}}]}}},"contracts/BEP20Token.sol":{"l":{"114":613,"118":0,"119":0,"147":271,"148":271,"150":271,"163":0,"176":537,"177":537,"179":537,"195":0,"196":0,"199":0,"200":0,"202":0,"217":0,"233":0,"234":0,"237":0,"252":0,"267":0,"268":0,"293":57,"294":57,"295":57,"302":0,"309":0,"310":0,"321":0,"322":0,"330":0,"337":0,"338":0,"339":0,"356":57,"357":57,"358":57,"359":57,"360":57,"362":57,"369":0,"376":0,"383":0,"390":0,"397":1,"404":274,"416":5,"417":5,"424":0,"435":19,"436":19,"452":266,"453":266,"454":266,"470":0,"471":0,"489":0,"490":0,"502":0,"503":0,"510":0,"511":0,"529":271,"530":271,"532":271,"533":271,"534":271,"547":0,"549":0,"550":0,"551":0,"566":0,"568":0,"569":0,"570":0,"587":285,"588":285,"590":285,"591":285,"601":0,"602":0},"path":"/home/steve/Documents/Dapps/BUSDPlanet/contracts/BEP20Token.sol","s":{"1":613,"2":0,"3":271,"4":271,"5":271,"6":0,"7":537,"8":537,"9":537,"10":0,"11":0,"12":0,"13":0,"14":0,"15":0,"16":0,"17":0,"18":0,"19":0,"20":0,"21":0,"22":57,"23":57,"24":57,"25":0,"26":0,"27":0,"28":0,"29":0,"30":0,"31":0,"32":0,"33":57,"34":57,"35":57,"36":57,"37":57,"38":57,"39":0,"40":0,"41":0,"42":0,"43":1,"44":274,"45":5,"46":5,"47":0,"48":19,"49":19,"50":266,"51":266,"52":266,"53":0,"54":0,"55":0,"56":0,"57":0,"58":0,"59":0,"60":0,"61":271,"62":271,"63":271,"64":271,"65":271,"66":0,"67":0,"68":0,"69":0,"70":0,"71":0,"72":0,"73":0,"74":285,"75":285,"76":285,"77":285,"78":0,"79":0},"b":{"1":[271,0],"2":[537,0],"3":[0,0],"4":[0,0],"5":[0,0],"6":[0,0],"7":[0,0],"8":[0,0],"9":[271,0],"10":[271,0],"11":[0,0],"12":[0,0],"13":[285,0],"14":[285,0]},"f":{"1":57,"2":613,"3":0,"4":271,"5":0,"6":537,"7":0,"8":0,"9":0,"10":0,"11":0,"12":57,"13":0,"14":0,"15":0,"16":0,"17":0,"18":57,"19":0,"20":0,"21":0,"22":0,"23":1,"24":274,"25":5,"26":0,"27":19,"28":266,"29":0,"30":0,"31":0,"32":0,"33":271,"34":0,"35":0,"36":285,"37":0},"fnMap":{"1":{"name":"constructor","line":111,"loc":{"start":{"line":111,"column":2},"end":{"line":111,"column":28}}},"2":{"name":"_msgSender","line":113,"loc":{"start":{"line":113,"column":2},"end":{"line":115,"column":2}}},"3":{"name":"_msgData","line":117,"loc":{"start":{"line":117,"column":2},"end":{"line":120,"column":2}}},"4":{"name":"add","line":146,"loc":{"start":{"line":146,"column":2},"end":{"line":151,"column":2}}},"5":{"name":"sub","line":162,"loc":{"start":{"line":162,"column":2},"end":{"line":164,"column":2}}},"6":{"name":"sub","line":175,"loc":{"start":{"line":175,"column":2},"end":{"line":180,"column":2}}},"7":{"name":"mul","line":191,"loc":{"start":{"line":191,"column":2},"end":{"line":203,"column":2}}},"8":{"name":"div","line":216,"loc":{"start":{"line":216,"column":2},"end":{"line":218,"column":2}}},"9":{"name":"div","line":231,"loc":{"start":{"line":231,"column":2},"end":{"line":238,"column":2}}},"10":{"name":"mod","line":251,"loc":{"start":{"line":251,"column":2},"end":{"line":253,"column":2}}},"11":{"name":"mod","line":266,"loc":{"start":{"line":266,"column":2},"end":{"line":269,"column":2}}},"12":{"name":"constructor","line":292,"loc":{"start":{"line":292,"column":2},"end":{"line":296,"column":2}}},"13":{"name":"owner","line":301,"loc":{"start":{"line":301,"column":2},"end":{"line":303,"column":2}}},"14":{"name":"onlyOwner","line":308,"loc":{"start":{"line":308,"column":2},"end":{"line":311,"column":2}}},"15":{"name":"renounceOwnership","line":320,"loc":{"start":{"line":320,"column":2},"end":{"line":323,"column":2}}},"16":{"name":"transferOwnership","line":329,"loc":{"start":{"line":329,"column":2},"end":{"line":331,"column":2}}},"17":{"name":"_transferOwnership","line":336,"loc":{"start":{"line":336,"column":2},"end":{"line":340,"column":2}}},"18":{"name":"constructor","line":355,"loc":{"start":{"line":355,"column":2},"end":{"line":363,"column":2}}},"19":{"name":"getOwner","line":368,"loc":{"start":{"line":368,"column":2},"end":{"line":370,"column":2}}},"20":{"name":"decimals","line":375,"loc":{"start":{"line":375,"column":2},"end":{"line":377,"column":2}}},"21":{"name":"symbol","line":382,"loc":{"start":{"line":382,"column":2},"end":{"line":384,"column":2}}},"22":{"name":"name","line":389,"loc":{"start":{"line":389,"column":2},"end":{"line":391,"column":2}}},"23":{"name":"totalSupply","line":396,"loc":{"start":{"line":396,"column":2},"end":{"line":398,"column":2}}},"24":{"name":"balanceOf","line":403,"loc":{"start":{"line":403,"column":2},"end":{"line":405,"column":2}}},"25":{"name":"transfer","line":415,"loc":{"start":{"line":415,"column":2},"end":{"line":418,"column":2}}},"26":{"name":"allowance","line":423,"loc":{"start":{"line":423,"column":2},"end":{"line":425,"column":2}}},"27":{"name":"approve","line":434,"loc":{"start":{"line":434,"column":2},"end":{"line":437,"column":2}}},"28":{"name":"transferFrom","line":451,"loc":{"start":{"line":451,"column":2},"end":{"line":455,"column":2}}},"29":{"name":"increaseAllowance","line":469,"loc":{"start":{"line":469,"column":2},"end":{"line":472,"column":2}}},"30":{"name":"decreaseAllowance","line":488,"loc":{"start":{"line":488,"column":2},"end":{"line":491,"column":2}}},"31":{"name":"mint","line":501,"loc":{"start":{"line":501,"column":2},"end":{"line":504,"column":2}}},"32":{"name":"burn","line":509,"loc":{"start":{"line":509,"column":2},"end":{"line":512,"column":2}}},"33":{"name":"_transfer","line":528,"loc":{"start":{"line":528,"column":2},"end":{"line":535,"column":2}}},"34":{"name":"_mint","line":546,"loc":{"start":{"line":546,"column":2},"end":{"line":552,"column":2}}},"35":{"name":"_burn","line":565,"loc":{"start":{"line":565,"column":2},"end":{"line":571,"column":2}}},"36":{"name":"_approve","line":586,"loc":{"start":{"line":586,"column":2},"end":{"line":592,"column":2}}},"37":{"name":"_burnFrom","line":600,"loc":{"start":{"line":600,"column":2},"end":{"line":603,"column":2}}}},"statementMap":{"1":{"start":{"line":114,"column":4},"end":{"line":114,"column":21}},"2":{"start":{"line":119,"column":4},"end":{"line":119,"column":19}},"3":{"start":{"line":147,"column":4},"end":{"line":147,"column":21}},"4":{"start":{"line":148,"column":4},"end":{"line":148,"column":49}},"5":{"start":{"line":150,"column":4},"end":{"line":150,"column":12}},"6":{"start":{"line":163,"column":4},"end":{"line":163,"column":54}},"7":{"start":{"line":176,"column":4},"end":{"line":176,"column":32}},"8":{"start":{"line":177,"column":4},"end":{"line":177,"column":21}},"9":{"start":{"line":179,"column":4},"end":{"line":179,"column":12}},"10":{"start":{"line":195,"column":4},"end":{"line":195,"column":6235}},"11":{"start":{"line":196,"column":6},"end":{"line":196,"column":14}},"12":{"start":{"line":199,"column":4},"end":{"line":199,"column":21}},"13":{"start":{"line":200,"column":4},"end":{"line":200,"column":59}},"14":{"start":{"line":202,"column":4},"end":{"line":202,"column":12}},"15":{"start":{"line":217,"column":4},"end":{"line":217,"column":50}},"16":{"start":{"line":233,"column":4},"end":{"line":233,"column":31}},"17":{"start":{"line":234,"column":4},"end":{"line":234,"column":21}},"18":{"start":{"line":237,"column":4},"end":{"line":237,"column":12}},"19":{"start":{"line":252,"column":4},"end":{"line":252,"column":48}},"20":{"start":{"line":267,"column":4},"end":{"line":267,"column":32}},"21":{"start":{"line":268,"column":4},"end":{"line":268,"column":16}},"22":{"start":{"line":293,"column":4},"end":{"line":293,"column":36}},"23":{"start":{"line":294,"column":4},"end":{"line":294,"column":21}},"24":{"start":{"line":295,"column":4},"end":{"line":295,"column":52}},"25":{"start":{"line":302,"column":4},"end":{"line":302,"column":17}},"26":{"start":{"line":309,"column":4},"end":{"line":309,"column":70}},"27":{"start":{"line":321,"column":4},"end":{"line":321,"column":49}},"28":{"start":{"line":322,"column":4},"end":{"line":322,"column":22}},"29":{"start":{"line":330,"column":4},"end":{"line":330,"column":31}},"30":{"start":{"line":337,"column":4},"end":{"line":337,"column":76}},"31":{"start":{"line":338,"column":4},"end":{"line":338,"column":47}},"32":{"start":{"line":339,"column":4},"end":{"line":339,"column":20}},"33":{"start":{"line":356,"column":4},"end":{"line":356,"column":23}},"34":{"start":{"line":357,"column":4},"end":{"line":357,"column":19}},"35":{"start":{"line":358,"column":4},"end":{"line":358,"column":17}},"36":{"start":{"line":359,"column":4},"end":{"line":359,"column":44}},"37":{"start":{"line":360,"column":4},"end":{"line":360,"column":39}},"38":{"start":{"line":362,"column":4},"end":{"line":362,"column":55}},"39":{"start":{"line":369,"column":4},"end":{"line":369,"column":18}},"40":{"start":{"line":376,"column":4},"end":{"line":376,"column":20}},"41":{"start":{"line":383,"column":4},"end":{"line":383,"column":18}},"42":{"start":{"line":390,"column":4},"end":{"line":390,"column":16}},"43":{"start":{"line":397,"column":4},"end":{"line":397,"column":23}},"44":{"start":{"line":404,"column":4},"end":{"line":404,"column":29}},"45":{"start":{"line":416,"column":4},"end":{"line":416,"column":45}},"46":{"start":{"line":417,"column":4},"end":{"line":417,"column":15}},"47":{"start":{"line":424,"column":4},"end":{"line":424,"column":38}},"48":{"start":{"line":435,"column":4},"end":{"line":435,"column":42}},"49":{"start":{"line":436,"column":4},"end":{"line":436,"column":15}},"50":{"start":{"line":452,"column":4},"end":{"line":452,"column":39}},"51":{"start":{"line":453,"column":4},"end":{"line":453,"column":124}},"52":{"start":{"line":454,"column":4},"end":{"line":454,"column":15}},"53":{"start":{"line":470,"column":4},"end":{"line":470,"column":86}},"54":{"start":{"line":471,"column":4},"end":{"line":471,"column":15}},"55":{"start":{"line":489,"column":4},"end":{"line":489,"column":132}},"56":{"start":{"line":490,"column":4},"end":{"line":490,"column":15}},"57":{"start":{"line":502,"column":4},"end":{"line":502,"column":30}},"58":{"start":{"line":503,"column":4},"end":{"line":503,"column":15}},"59":{"start":{"line":510,"column":4},"end":{"line":510,"column":30}},"60":{"start":{"line":511,"column":4},"end":{"line":511,"column":15}},"61":{"start":{"line":529,"column":4},"end":{"line":529,"column":73}},"62":{"start":{"line":530,"column":4},"end":{"line":530,"column":74}},"63":{"start":{"line":532,"column":4},"end":{"line":532,"column":94}},"64":{"start":{"line":533,"column":4},"end":{"line":533,"column":58}},"65":{"start":{"line":534,"column":4},"end":{"line":534,"column":44}},"66":{"start":{"line":547,"column":4},"end":{"line":547,"column":68}},"67":{"start":{"line":549,"column":4},"end":{"line":549,"column":42}},"68":{"start":{"line":550,"column":4},"end":{"line":550,"column":54}},"69":{"start":{"line":551,"column":4},"end":{"line":551,"column":46}},"70":{"start":{"line":566,"column":4},"end":{"line":566,"column":70}},"71":{"start":{"line":568,"column":4},"end":{"line":568,"column":92}},"72":{"start":{"line":569,"column":4},"end":{"line":569,"column":42}},"73":{"start":{"line":570,"column":4},"end":{"line":570,"column":46}},"74":{"start":{"line":587,"column":4},"end":{"line":587,"column":71}},"75":{"start":{"line":588,"column":4},"end":{"line":588,"column":71}},"76":{"start":{"line":590,"column":4},"end":{"line":590,"column":39}},"77":{"start":{"line":591,"column":4},"end":{"line":591,"column":41}},"78":{"start":{"line":601,"column":4},"end":{"line":601,"column":25}},"79":{"start":{"line":602,"column":4},"end":{"line":602,"column":122}}},"branchMap":{"1":{"line":148,"type":"if","locations":[{"start":{"line":148,"column":4},"end":{"line":148,"column":4}},{"start":{"line":148,"column":4},"end":{"line":148,"column":4}}]},"2":{"line":176,"type":"if","locations":[{"start":{"line":176,"column":4},"end":{"line":176,"column":4}},{"start":{"line":176,"column":4},"end":{"line":176,"column":4}}]},"3":{"line":195,"type":"if","locations":[{"start":{"line":195,"column":4},"end":{"line":195,"column":4}},{"start":{"line":195,"column":4},"end":{"line":195,"column":4}}]},"4":{"line":200,"type":"if","locations":[{"start":{"line":200,"column":4},"end":{"line":200,"column":4}},{"start":{"line":200,"column":4},"end":{"line":200,"column":4}}]},"5":{"line":233,"type":"if","locations":[{"start":{"line":233,"column":4},"end":{"line":233,"column":4}},{"start":{"line":233,"column":4},"end":{"line":233,"column":4}}]},"6":{"line":267,"type":"if","locations":[{"start":{"line":267,"column":4},"end":{"line":267,"column":4}},{"start":{"line":267,"column":4},"end":{"line":267,"column":4}}]},"7":{"line":309,"type":"if","locations":[{"start":{"line":309,"column":4},"end":{"line":309,"column":4}},{"start":{"line":309,"column":4},"end":{"line":309,"column":4}}]},"8":{"line":337,"type":"if","locations":[{"start":{"line":337,"column":4},"end":{"line":337,"column":4}},{"start":{"line":337,"column":4},"end":{"line":337,"column":4}}]},"9":{"line":529,"type":"if","locations":[{"start":{"line":529,"column":4},"end":{"line":529,"column":4}},{"start":{"line":529,"column":4},"end":{"line":529,"column":4}}]},"10":{"line":530,"type":"if","locations":[{"start":{"line":530,"column":4},"end":{"line":530,"column":4}},{"start":{"line":530,"column":4},"end":{"line":530,"column":4}}]},"11":{"line":547,"type":"if","locations":[{"start":{"line":547,"column":4},"end":{"line":547,"column":4}},{"start":{"line":547,"column":4},"end":{"line":547,"column":4}}]},"12":{"line":566,"type":"if","locations":[{"start":{"line":566,"column":4},"end":{"line":566,"column":4}},{"start":{"line":566,"column":4},"end":{"line":566,"column":4}}]},"13":{"line":587,"type":"if","locations":[{"start":{"line":587,"column":4},"end":{"line":587,"column":4}},{"start":{"line":587,"column":4},"end":{"line":587,"column":4}}]},"14":{"line":588,"type":"if","locations":[{"start":{"line":588,"column":4},"end":{"line":588,"column":4}},{"start":{"line":588,"column":4},"end":{"line":588,"column":4}}]}}},"contracts/BUSDPlanet.sol":{"l":{"86":57,"87":57,"88":57,"89":57,"90":57,"91":57,"93":57,"94":57,"95":57,"97":57,"99":57,"103":19,"104":19,"107":19,"108":19,"109":19,"112":19,"113":19,"114":19,"121":19,"130":0,"138":0,"139":0,"143":62,"144":62,"145":61,"146":61,"148":0,"153":0,"157":0,"161":57,"166":57,"167":57,"168":57,"176":19,"181":0,"182":0,"184":0,"185":0,"186":0,"187":0,"188":0,"193":62,"194":61,"195":61,"199":0,"200":0,"205":0,"206":0,"207":0,"208":0,"213":1,"218":1,"219":1,"220":1,"225":2,"226":1,"227":1,"228":1,"232":2,"233":1,"234":1,"235":1,"239":2,"240":1,"241":1,"242":1,"246":3,"247":2,"248":1,"249":1,"253":0,"254":0,"256":0,"257":0,"262":0,"263":0,"264":0,"268":0,"272":0,"273":0,"274":0,"278":0,"288":1,"289":1,"290":1,"291":1,"292":1,"293":1,"294":1,"304":1,"305":1,"306":1,"307":1,"308":1,"309":1,"310":1,"315":1,"316":1,"317":1,"318":1,"319":1,"323":0,"327":0,"345":0,"363":0,"367":0,"371":0,"376":0,"380":0,"384":0,"389":0,"390":0,"394":0,"402":425,"403":425,"407":425,"414":16,"415":16,"422":424,"423":0,"426":424,"427":0,"428":0,"431":424,"432":424,"435":424,"437":424,"438":424,"439":424,"443":424,"445":423,"447":423,"448":345,"450":345,"451":345,"461":424,"462":69,"463":69,"464":14,"465":14,"467":55,"468":55,"471":69,"472":69,"474":424,"478":424,"480":424,"487":13,"489":13,"490":13,"492":13,"493":13,"494":13,"496":13,"497":13,"498":13,"500":13,"501":13,"502":13,"504":13,"505":13,"506":13,"508":13,"509":13,"511":12,"512":12,"514":12,"519":13,"520":13,"521":13,"522":13,"526":13,"527":13,"528":13,"529":13,"533":13,"534":13,"535":13,"536":13,"541":13,"542":13,"548":13,"551":13,"554":13,"557":13,"559":13,"564":52,"565":52,"566":52,"568":52,"571":52,"582":13,"585":13,"597":13,"600":12,"603":12,"605":12,"608":12,"609":12,"615":13,"616":13,"617":13,"618":13,"620":13,"623":13},"path":"/home/steve/Documents/Dapps/BUSDPlanet/contracts/BUSDPlanet.sol","s":{"1":57,"2":57,"3":57,"4":57,"5":57,"6":57,"7":57,"8":57,"9":57,"10":57,"11":57,"12":19,"13":19,"14":19,"15":19,"16":19,"17":19,"18":19,"19":19,"20":19,"21":0,"22":0,"23":0,"24":62,"25":62,"26":61,"27":61,"28":0,"29":0,"30":0,"31":57,"32":57,"33":57,"34":0,"35":57,"36":19,"37":0,"38":0,"39":0,"40":0,"41":0,"42":0,"43":0,"44":62,"45":61,"46":61,"47":0,"48":0,"49":0,"50":0,"51":0,"52":0,"53":1,"54":1,"55":1,"56":1,"57":2,"58":1,"59":1,"60":1,"61":2,"62":1,"63":1,"64":1,"65":2,"66":1,"67":1,"68":1,"69":3,"70":2,"71":1,"72":1,"73":0,"74":0,"75":0,"76":0,"77":0,"78":0,"79":0,"80":0,"81":0,"82":0,"83":0,"84":0,"85":1,"86":1,"87":1,"88":1,"89":1,"90":1,"91":1,"92":1,"93":1,"94":1,"95":1,"96":1,"97":1,"98":1,"99":1,"100":1,"101":1,"102":1,"103":1,"104":0,"105":0,"106":0,"107":0,"108":0,"109":0,"110":0,"111":0,"112":0,"113":0,"114":0,"115":0,"116":425,"117":425,"118":425,"119":16,"120":16,"121":424,"122":0,"123":424,"124":0,"125":0,"126":424,"127":424,"128":424,"129":424,"130":424,"131":424,"132":424,"133":423,"134":423,"135":345,"136":345,"137":345,"138":424,"139":69,"140":69,"141":14,"142":14,"143":55,"144":55,"145":55,"146":69,"147":69,"148":424,"149":424,"150":424,"151":13,"152":13,"153":13,"154":13,"155":13,"156":13,"157":13,"158":13,"159":13,"160":13,"161":13,"162":13,"163":13,"164":13,"165":13,"166":13,"167":13,"168":13,"169":13,"170":13,"171":13,"172":13,"173":12,"174":12,"175":12,"176":13,"177":13,"178":13,"179":13,"180":13,"181":13,"182":13,"183":13,"184":13,"185":13,"186":13,"187":13,"188":13,"189":13,"190":13,"191":13,"192":13,"193":13,"194":13,"195":52,"196":52,"197":52,"198":52,"199":52,"200":13,"201":13,"202":13,"203":12,"204":12,"205":12,"206":12,"207":12,"208":13,"209":13,"210":13,"211":13,"212":13,"213":13},"b":{"1":[19,0],"2":[0,0],"3":[61,0],"4":[0,0],"5":[57,0],"6":[0,57],"7":[0,0],"8":[61,1],"9":[0,0],"10":[1,0],"11":[1,0],"12":[1,1],"13":[1,1],"14":[1,1],"15":[2,1],"16":[0,0],"17":[0,0],"18":[0,0],"19":[0,0],"20":[0,0],"21":[1,0],"22":[1,0],"23":[1,0],"24":[1,0],"25":[425,0],"26":[425,0],"27":[16,409],"28":[15,1],"29":[0,424],"30":[0,0],"31":[0,424],"32":[424,0],"33":[424,0],"34":[345,78],"35":[69,355],"36":[14,55],"37":[55,0],"38":[13,411],"39":[13,0],"40":[13,0],"41":[13,0],"42":[13,0],"43":[13,0],"44":[12,0]},"f":{"1":57,"2":19,"3":19,"4":0,"5":0,"6":62,"7":0,"8":57,"9":19,"10":0,"11":62,"12":0,"13":0,"14":1,"15":1,"16":2,"17":2,"18":2,"19":3,"20":0,"21":0,"22":0,"23":1,"24":1,"25":1,"26":0,"27":0,"28":0,"29":0,"30":0,"31":0,"32":0,"33":0,"34":0,"35":0,"36":0,"37":425,"38":424,"39":424,"40":13,"41":13,"42":13,"43":13,"44":52,"45":13,"46":13,"47":13},"fnMap":{"1":{"name":"constructor","line":85,"loc":{"start":{"line":79,"column":4},"end":{"line":100,"column":4}}},"2":{"name":"initializeDividendTracker","line":102,"loc":{"start":{"line":102,"column":4},"end":{"line":115,"column":4}}},"3":{"name":"getOwner","line":120,"loc":{"start":{"line":120,"column":4},"end":{"line":122,"column":4}}},"4":{"name":"supportsInterface","line":129,"loc":{"start":{"line":129,"column":4},"end":{"line":131,"column":4}}},"5":{"name":"recoverERC20","line":136,"loc":{"start":{"line":133,"column":4},"end":{"line":140,"column":4}}},"6":{"name":"setWhitelistAddress","line":142,"loc":{"start":{"line":142,"column":4},"end":{"line":150,"column":4}}},"7":{"name":"setAutomatedMarketMakerPair","line":152,"loc":{"start":{"line":152,"column":4},"end":{"line":158,"column":4}}},"8":{"name":"_setAutomatedMarketMakerPair","line":160,"loc":{"start":{"line":160,"column":4},"end":{"line":169,"column":4}}},"9":{"name":"setTransfersEnabled","line":175,"loc":{"start":{"line":175,"column":4},"end":{"line":177,"column":4}}},"10":{"name":"addNewRouter","line":180,"loc":{"start":{"line":180,"column":4},"end":{"line":190,"column":4}}},"11":{"name":"excludeFromFees","line":192,"loc":{"start":{"line":192,"column":4},"end":{"line":196,"column":4}}},"12":{"name":"excludeMultipleAccountsFromFees","line":198,"loc":{"start":{"line":198,"column":4},"end":{"line":202,"column":4}}},"13":{"name":"updateNameAndSymbol","line":204,"loc":{"start":{"line":204,"column":5},"end":{"line":209,"column":4}}},"14":{"name":"updateMinTokenBalance","line":212,"loc":{"start":{"line":212,"column":4},"end":{"line":214,"column":4}}},"15":{"name":"updateSwapTokensAtAmount","line":217,"loc":{"start":{"line":217,"column":4},"end":{"line":221,"column":4}}},"16":{"name":"updateMarketingWallet","line":224,"loc":{"start":{"line":224,"column":4},"end":{"line":229,"column":4}}},"17":{"name":"updateLiquidityWallet","line":231,"loc":{"start":{"line":231,"column":4},"end":{"line":236,"column":4}}},"18":{"name":"updateBuyBackWallet","line":238,"loc":{"start":{"line":238,"column":4},"end":{"line":243,"column":4}}},"19":{"name":"updateCharityWallet","line":245,"loc":{"start":{"line":245,"column":4},"end":{"line":250,"column":4}}},"20":{"name":"updateDividendTracker","line":252,"loc":{"start":{"line":252,"column":4},"end":{"line":265,"column":4}}},"21":{"name":"updateGasForProcessing","line":267,"loc":{"start":{"line":267,"column":4},"end":{"line":275,"column":4}}},"22":{"name":"updateClaimWait","line":277,"loc":{"start":{"line":277,"column":4},"end":{"line":279,"column":4}}},"23":{"name":"updateBuyFees","line":287,"loc":{"start":{"line":281,"column":5},"end":{"line":295,"column":4}}},"24":{"name":"updateSellFees","line":303,"loc":{"start":{"line":297,"column":4},"end":{"line":311,"column":4}}},"25":{"name":"updateDividendToken","line":314,"loc":{"start":{"line":314,"column":4},"end":{"line":320,"column":4}}},"26":{"name":"getClaimWait","line":322,"loc":{"start":{"line":322,"column":4},"end":{"line":324,"column":4}}},"27":{"name":"getTotalDividendsDistributed","line":326,"loc":{"start":{"line":326,"column":4},"end":{"line":328,"column":4}}},"28":{"name":"getAccountDividendsInfo","line":330,"loc":{"start":{"line":330,"column":5},"end":{"line":346,"column":4}}},"29":{"name":"getAccountDividendsInfoAtIndex","line":348,"loc":{"start":{"line":348,"column":4},"end":{"line":364,"column":4}}},"30":{"name":"getLastProcessedIndex","line":366,"loc":{"start":{"line":366,"column":4},"end":{"line":368,"column":4}}},"31":{"name":"getNumberOfDividendTokenHolders","line":370,"loc":{"start":{"line":370,"column":4},"end":{"line":372,"column":4}}},"32":{"name":"isExcludedFromFees","line":375,"loc":{"start":{"line":375,"column":4},"end":{"line":377,"column":4}}},"33":{"name":"withdrawableDividendOf","line":379,"loc":{"start":{"line":379,"column":4},"end":{"line":381,"column":4}}},"34":{"name":"dividendTokenBalanceOf","line":383,"loc":{"start":{"line":383,"column":4},"end":{"line":385,"column":4}}},"35":{"name":"processDividendTracker","line":388,"loc":{"start":{"line":388,"column":4},"end":{"line":391,"column":4}}},"36":{"name":"claim","line":393,"loc":{"start":{"line":393,"column":4},"end":{"line":395,"column":4}}},"37":{"name":"_transfer","line":397,"loc":{"start":{"line":397,"column":4},"end":{"line":454,"column":4}}},"38":{"name":"collectFees","line":456,"loc":{"start":{"line":456,"column":4},"end":{"line":475,"column":4}}},"39":{"name":"swapFeesIfAmountIsReached","line":477,"loc":{"start":{"line":477,"column":4},"end":{"line":516,"column":4}}},"40":{"name":"swapAndSendToFeeMarketing","line":518,"loc":{"start":{"line":518,"column":4},"end":{"line":523,"column":4}}},"41":{"name":"swapAndSendToFeeBuyBack","line":525,"loc":{"start":{"line":525,"column":4},"end":{"line":530,"column":4}}},"42":{"name":"swapAndSendToFeeCharity","line":532,"loc":{"start":{"line":532,"column":4},"end":{"line":537,"column":4}}},"43":{"name":"swapAndLiquify","line":539,"loc":{"start":{"line":539,"column":4},"end":{"line":560,"column":4}}},"44":{"name":"swapTokensForEth","line":562,"loc":{"start":{"line":562,"column":4},"end":{"line":578,"column":4}}},"45":{"name":"addLiquidity","line":580,"loc":{"start":{"line":580,"column":4},"end":{"line":593,"column":4}}},"46":{"name":"swapAndSendDividends","line":595,"loc":{"start":{"line":595,"column":4},"end":{"line":611,"column":4}}},"47":{"name":"swapTokensFordividendToken","line":613,"loc":{"start":{"line":613,"column":4},"end":{"line":630,"column":4}}}},"statementMap":{"1":{"start":{"line":86,"column":8},"end":{"line":86,"column":58}},"2":{"start":{"line":87,"column":8},"end":{"line":87,"column":37}},"3":{"start":{"line":88,"column":8},"end":{"line":88,"column":41}},"4":{"start":{"line":89,"column":8},"end":{"line":89,"column":32}},"5":{"start":{"line":90,"column":8},"end":{"line":90,"column":37}},"6":{"start":{"line":91,"column":8},"end":{"line":91,"column":37}},"7":{"start":{"line":93,"column":8},"end":{"line":93,"column":36}},"8":{"start":{"line":94,"column":8},"end":{"line":94,"column":40}},"9":{"start":{"line":95,"column":8},"end":{"line":95,"column":99}},"10":{"start":{"line":97,"column":8},"end":{"line":97,"column":54}},"11":{"start":{"line":99,"column":8},"end":{"line":99,"column":35}},"12":{"start":{"line":103,"column":8},"end":{"line":103,"column":106}},"13":{"start":{"line":104,"column":8},"end":{"line":104,"column":41}},"14":{"start":{"line":107,"column":8},"end":{"line":107,"column":65}},"15":{"start":{"line":108,"column":8},"end":{"line":108,"column":69}},"16":{"start":{"line":109,"column":8},"end":{"line":109,"column":70}},"17":{"start":{"line":112,"column":8},"end":{"line":112,"column":47}},"18":{"start":{"line":113,"column":8},"end":{"line":113,"column":41}},"19":{"start":{"line":114,"column":8},"end":{"line":114,"column":49}},"20":{"start":{"line":121,"column":8},"end":{"line":121,"column":22}},"21":{"start":{"line":130,"column":8},"end":{"line":130,"column":51}},"22":{"start":{"line":138,"column":8},"end":{"line":138,"column":76}},"23":{"start":{"line":139,"column":8},"end":{"line":139,"column":52}},"24":{"start":{"line":143,"column":8},"end":{"line":143,"column":60}},"25":{"start":{"line":144,"column":8},"end":{"line":144,"column":54}},"26":{"start":{"line":145,"column":8},"end":{"line":145,"column":5798}},"27":{"start":{"line":146,"column":12},"end":{"line":146,"column":66}},"28":{"start":{"line":148,"column":12},"end":{"line":148,"column":64}},"29":{"start":{"line":153,"column":8},"end":{"line":153,"column":6100}},"30":{"start":{"line":157,"column":8},"end":{"line":157,"column":48}},"31":{"start":{"line":161,"column":8},"end":{"line":161,"column":6406}},"32":{"start":{"line":166,"column":8},"end":{"line":166,"column":46}},"33":{"start":{"line":167,"column":8},"end":{"line":167,"column":103}},"34":{"start":{"line":167,"column":61},"end":{"line":167,"column":102}},"35":{"start":{"line":168,"column":8},"end":{"line":168,"column":53}},"36":{"start":{"line":176,"column":8},"end":{"line":176,"column":33}},"37":{"start":{"line":181,"column":8},"end":{"line":181,"column":33}},"38":{"start":{"line":182,"column":8},"end":{"line":182,"column":52}},"39":{"start":{"line":184,"column":8},"end":{"line":184,"column":7243}},"40":{"start":{"line":185,"column":12},"end":{"line":185,"column":75}},"41":{"start":{"line":186,"column":12},"end":{"line":186,"column":49}},"42":{"start":{"line":187,"column":12},"end":{"line":187,"column":115}},"43":{"start":{"line":188,"column":12},"end":{"line":188,"column":58}},"44":{"start":{"line":193,"column":8},"end":{"line":193,"column":114}},"45":{"start":{"line":194,"column":8},"end":{"line":194,"column":46}},"46":{"start":{"line":195,"column":8},"end":{"line":195,"column":47}},"47":{"start":{"line":199,"column":8},"end":{"line":199,"column":8040}},"48":{"start":{"line":200,"column":12},"end":{"line":200,"column":49}},"49":{"start":{"line":205,"column":8},"end":{"line":205,"column":64}},"50":{"start":{"line":206,"column":8},"end":{"line":206,"column":20}},"51":{"start":{"line":207,"column":8},"end":{"line":207,"column":24}},"52":{"start":{"line":208,"column":8},"end":{"line":208,"column":25}},"53":{"start":{"line":213,"column":8},"end":{"line":213,"column":55}},"54":{"start":{"line":218,"column":8},"end":{"line":218,"column":85}},"55":{"start":{"line":219,"column":8},"end":{"line":219,"column":98}},"56":{"start":{"line":220,"column":8},"end":{"line":220,"column":47}},"57":{"start":{"line":225,"column":8},"end":{"line":225,"column":113}},"58":{"start":{"line":226,"column":8},"end":{"line":226,"column":52}},"59":{"start":{"line":227,"column":8},"end":{"line":227,"column":72}},"60":{"start":{"line":228,"column":8},"end":{"line":228,"column":43}},"61":{"start":{"line":232,"column":8},"end":{"line":232,"column":113}},"62":{"start":{"line":233,"column":8},"end":{"line":233,"column":52}},"63":{"start":{"line":234,"column":8},"end":{"line":234,"column":72}},"64":{"start":{"line":235,"column":8},"end":{"line":235,"column":43}},"65":{"start":{"line":239,"column":8},"end":{"line":239,"column":107}},"66":{"start":{"line":240,"column":8},"end":{"line":240,"column":50}},"67":{"start":{"line":241,"column":8},"end":{"line":241,"column":68}},"68":{"start":{"line":242,"column":8},"end":{"line":242,"column":39}},"69":{"start":{"line":246,"column":8},"end":{"line":246,"column":107}},"70":{"start":{"line":247,"column":8},"end":{"line":247,"column":50}},"71":{"start":{"line":248,"column":8},"end":{"line":248,"column":68}},"72":{"start":{"line":249,"column":8},"end":{"line":249,"column":39}},"73":{"start":{"line":253,"column":8},"end":{"line":253,"column":92}},"74":{"start":{"line":254,"column":8},"end":{"line":254,"column":115}},"75":{"start":{"line":256,"column":8},"end":{"line":256,"column":103}},"76":{"start":{"line":257,"column":8},"end":{"line":257,"column":10901}},"77":{"start":{"line":262,"column":8},"end":{"line":262,"column":61}},"78":{"start":{"line":263,"column":8},"end":{"line":263,"column":43}},"79":{"start":{"line":264,"column":8},"end":{"line":264,"column":72}},"80":{"start":{"line":268,"column":8},"end":{"line":268,"column":11374}},"81":{"start":{"line":272,"column":8},"end":{"line":272,"column":104}},"82":{"start":{"line":273,"column":8},"end":{"line":273,"column":64}},"83":{"start":{"line":274,"column":8},"end":{"line":274,"column":34}},"84":{"start":{"line":278,"column":8},"end":{"line":278,"column":49}},"85":{"start":{"line":288,"column":8},"end":{"line":288,"column":36}},"86":{"start":{"line":289,"column":8},"end":{"line":289,"column":38}},"87":{"start":{"line":290,"column":8},"end":{"line":290,"column":38}},"88":{"start":{"line":291,"column":8},"end":{"line":291,"column":34}},"89":{"start":{"line":292,"column":8},"end":{"line":292,"column":34}},"90":{"start":{"line":293,"column":8},"end":{"line":293,"column":104}},"91":{"start":{"line":294,"column":8},"end":{"line":294,"column":55}},"92":{"start":{"line":304,"column":8},"end":{"line":304,"column":37}},"93":{"start":{"line":305,"column":8},"end":{"line":305,"column":39}},"94":{"start":{"line":306,"column":8},"end":{"line":306,"column":39}},"95":{"start":{"line":307,"column":8},"end":{"line":307,"column":35}},"96":{"start":{"line":308,"column":8},"end":{"line":308,"column":35}},"97":{"start":{"line":309,"column":8},"end":{"line":309,"column":110}},"98":{"start":{"line":310,"column":8},"end":{"line":310,"column":55}},"99":{"start":{"line":315,"column":8},"end":{"line":315,"column":70}},"100":{"start":{"line":316,"column":8},"end":{"line":316,"column":80}},"101":{"start":{"line":317,"column":8},"end":{"line":317,"column":48}},"102":{"start":{"line":318,"column":8},"end":{"line":318,"column":39}},"103":{"start":{"line":319,"column":8},"end":{"line":319,"column":68}},"104":{"start":{"line":323,"column":8},"end":{"line":323,"column":42}},"105":{"start":{"line":327,"column":8},"end":{"line":327,"column":58}},"106":{"start":{"line":345,"column":8},"end":{"line":345,"column":50}},"107":{"start":{"line":363,"column":8},"end":{"line":363,"column":55}},"108":{"start":{"line":367,"column":8},"end":{"line":367,"column":54}},"109":{"start":{"line":371,"column":8},"end":{"line":371,"column":56}},"110":{"start":{"line":376,"column":8},"end":{"line":376,"column":43}},"111":{"start":{"line":380,"column":8},"end":{"line":380,"column":62}},"112":{"start":{"line":384,"column":8},"end":{"line":384,"column":49}},"113":{"start":{"line":389,"column":8},"end":{"line":389,"column":103}},"114":{"start":{"line":390,"column":8},"end":{"line":390,"column":100}},"115":{"start":{"line":394,"column":8},"end":{"line":394,"column":65}},"116":{"start":{"line":402,"column":8},"end":{"line":402,"column":75}},"117":{"start":{"line":403,"column":8},"end":{"line":403,"column":71}},"118":{"start":{"line":407,"column":8},"end":{"line":407,"column":16170}},"119":{"start":{"line":414,"column":12},"end":{"line":414,"column":60}},"120":{"start":{"line":415,"column":12},"end":{"line":415,"column":16472}},"121":{"start":{"line":422,"column":8},"end":{"line":422,"column":16739}},"122":{"start":{"line":423,"column":12},"end":{"line":423,"column":85}},"123":{"start":{"line":426,"column":8},"end":{"line":426,"column":16875}},"124":{"start":{"line":427,"column":12},"end":{"line":427,"column":39}},"125":{"start":{"line":428,"column":12},"end":{"line":428,"column":18}},"126":{"start":{"line":431,"column":8},"end":{"line":431,"column":47}},"127":{"start":{"line":432,"column":8},"end":{"line":432,"column":81}},"128":{"start":{"line":435,"column":8},"end":{"line":435,"column":45}},"129":{"start":{"line":437,"column":8},"end":{"line":437,"column":17189}},"130":{"start":{"line":438,"column":12},"end":{"line":438,"column":94}},"131":{"start":{"line":439,"column":12},"end":{"line":439,"column":90}},"132":{"start":{"line":443,"column":8},"end":{"line":443,"column":42}},"133":{"start":{"line":445,"column":8},"end":{"line":445,"column":40}},"134":{"start":{"line":447,"column":8},"end":{"line":447,"column":17629}},"135":{"start":{"line":448,"column":12},"end":{"line":448,"column":42}},"136":{"start":{"line":450,"column":12},"end":{"line":450,"column":17767}},"137":{"start":{"line":451,"column":16},"end":{"line":451,"column":107}},"138":{"start":{"line":461,"column":8},"end":{"line":461,"column":18155}},"139":{"start":{"line":462,"column":12},"end":{"line":462,"column":24}},"140":{"start":{"line":463,"column":12},"end":{"line":463,"column":18280}},"141":{"start":{"line":464,"column":16},"end":{"line":464,"column":53}},"142":{"start":{"line":465,"column":16},"end":{"line":465,"column":39}},"143":{"start":{"line":466,"column":19},"end":{"line":466,"column":18439}},"144":{"start":{"line":467,"column":16},"end":{"line":467,"column":54}},"145":{"start":{"line":468,"column":16},"end":{"line":468,"column":40}},"146":{"start":{"line":471,"column":12},"end":{"line":471,"column":33}},"147":{"start":{"line":472,"column":12},"end":{"line":472,"column":53}},"148":{"start":{"line":474,"column":8},"end":{"line":474,"column":21}},"149":{"start":{"line":478,"column":8},"end":{"line":478,"column":63}},"150":{"start":{"line":480,"column":8},"end":{"line":480,"column":18890}},"151":{"start":{"line":487,"column":12},"end":{"line":487,"column":32}},"152":{"start":{"line":489,"column":12},"end":{"line":489,"column":112}},"153":{"start":{"line":490,"column":12},"end":{"line":490,"column":70}},"154":{"start":{"line":492,"column":12},"end":{"line":492,"column":89}},"155":{"start":{"line":493,"column":12},"end":{"line":493,"column":84}},"156":{"start":{"line":494,"column":12},"end":{"line":494,"column":79}},"157":{"start":{"line":494,"column":37},"end":{"line":494,"column":78}},"158":{"start":{"line":496,"column":12},"end":{"line":496,"column":85}},"159":{"start":{"line":497,"column":12},"end":{"line":497,"column":80}},"160":{"start":{"line":498,"column":12},"end":{"line":498,"column":73}},"161":{"start":{"line":498,"column":35},"end":{"line":498,"column":72}},"162":{"start":{"line":500,"column":12},"end":{"line":500,"column":85}},"163":{"start":{"line":501,"column":12},"end":{"line":501,"column":80}},"164":{"start":{"line":502,"column":12},"end":{"line":502,"column":73}},"165":{"start":{"line":502,"column":35},"end":{"line":502,"column":72}},"166":{"start":{"line":504,"column":12},"end":{"line":504,"column":84}},"167":{"start":{"line":505,"column":12},"end":{"line":505,"column":78}},"168":{"start":{"line":506,"column":12},"end":{"line":506,"column":58}},"169":{"start":{"line":506,"column":32},"end":{"line":506,"column":57}},"170":{"start":{"line":508,"column":12},"end":{"line":508,"column":57}},"171":{"start":{"line":509,"column":12},"end":{"line":509,"column":64}},"172":{"start":{"line":509,"column":32},"end":{"line":509,"column":63}},"173":{"start":{"line":511,"column":12},"end":{"line":511,"column":31}},"174":{"start":{"line":512,"column":12},"end":{"line":512,"column":32}},"175":{"start":{"line":514,"column":12},"end":{"line":514,"column":33}},"176":{"start":{"line":519,"column":8},"end":{"line":519,"column":57}},"177":{"start":{"line":520,"column":8},"end":{"line":520,"column":31}},"178":{"start":{"line":521,"column":8},"end":{"line":521,"column":73}},"179":{"start":{"line":522,"column":8},"end":{"line":522,"column":55}},"180":{"start":{"line":526,"column":8},"end":{"line":526,"column":57}},"181":{"start":{"line":527,"column":8},"end":{"line":527,"column":31}},"182":{"start":{"line":528,"column":8},"end":{"line":528,"column":73}},"183":{"start":{"line":529,"column":8},"end":{"line":529,"column":53}},"184":{"start":{"line":533,"column":8},"end":{"line":533,"column":57}},"185":{"start":{"line":534,"column":8},"end":{"line":534,"column":31}},"186":{"start":{"line":535,"column":8},"end":{"line":535,"column":73}},"187":{"start":{"line":536,"column":8},"end":{"line":536,"column":53}},"188":{"start":{"line":541,"column":8},"end":{"line":541,"column":33}},"189":{"start":{"line":542,"column":8},"end":{"line":542,"column":41}},"190":{"start":{"line":548,"column":8},"end":{"line":548,"column":54}},"191":{"start":{"line":551,"column":8},"end":{"line":551,"column":29}},"192":{"start":{"line":554,"column":8},"end":{"line":554,"column":67}},"193":{"start":{"line":557,"column":8},"end":{"line":557,"column":42}},"194":{"start":{"line":559,"column":8},"end":{"line":559,"column":56}},"195":{"start":{"line":564,"column":8},"end":{"line":564,"column":48}},"196":{"start":{"line":565,"column":8},"end":{"line":565,"column":30}},"197":{"start":{"line":566,"column":8},"end":{"line":566,"column":40}},"198":{"start":{"line":568,"column":8},"end":{"line":568,"column":70}},"199":{"start":{"line":571,"column":8},"end":{"line":571,"column":22829}},"200":{"start":{"line":582,"column":8},"end":{"line":582,"column":70}},"201":{"start":{"line":585,"column":8},"end":{"line":585,"column":23324}},"202":{"start":{"line":597,"column":8},"end":{"line":597,"column":56}},"203":{"start":{"line":600,"column":8},"end":{"line":600,"column":74}},"204":{"start":{"line":603,"column":8},"end":{"line":603,"column":90}},"205":{"start":{"line":605,"column":8},"end":{"line":605,"column":24051}},"206":{"start":{"line":608,"column":12},"end":{"line":608,"column":57}},"207":{"start":{"line":609,"column":12},"end":{"line":609,"column":49}},"208":{"start":{"line":615,"column":8},"end":{"line":615,"column":48}},"209":{"start":{"line":616,"column":8},"end":{"line":616,"column":30}},"210":{"start":{"line":617,"column":8},"end":{"line":617,"column":40}},"211":{"start":{"line":618,"column":8},"end":{"line":618,"column":30}},"212":{"start":{"line":620,"column":8},"end":{"line":620,"column":70}},"213":{"start":{"line":623,"column":8},"end":{"line":623,"column":24673}}},"branchMap":{"1":{"line":103,"type":"if","locations":[{"start":{"line":103,"column":8},"end":{"line":103,"column":8}},{"start":{"line":103,"column":8},"end":{"line":103,"column":8}}]},"2":{"line":138,"type":"if","locations":[{"start":{"line":138,"column":8},"end":{"line":138,"column":8}},{"start":{"line":138,"column":8},"end":{"line":138,"column":8}}]},"3":{"line":145,"type":"if","locations":[{"start":{"line":145,"column":8},"end":{"line":145,"column":8}},{"start":{"line":145,"column":8},"end":{"line":145,"column":8}}]},"4":{"line":153,"type":"if","locations":[{"start":{"line":153,"column":8},"end":{"line":153,"column":8}},{"start":{"line":153,"column":8},"end":{"line":153,"column":8}}]},"5":{"line":161,"type":"if","locations":[{"start":{"line":161,"column":8},"end":{"line":161,"column":8}},{"start":{"line":161,"column":8},"end":{"line":161,"column":8}}]},"6":{"line":167,"type":"if","locations":[{"start":{"line":167,"column":8},"end":{"line":167,"column":8}},{"start":{"line":167,"column":8},"end":{"line":167,"column":8}}]},"7":{"line":184,"type":"if","locations":[{"start":{"line":184,"column":8},"end":{"line":184,"column":8}},{"start":{"line":184,"column":8},"end":{"line":184,"column":8}}]},"8":{"line":193,"type":"if","locations":[{"start":{"line":193,"column":8},"end":{"line":193,"column":8}},{"start":{"line":193,"column":8},"end":{"line":193,"column":8}}]},"9":{"line":205,"type":"if","locations":[{"start":{"line":205,"column":8},"end":{"line":205,"column":8}},{"start":{"line":205,"column":8},"end":{"line":205,"column":8}}]},"10":{"line":218,"type":"if","locations":[{"start":{"line":218,"column":8},"end":{"line":218,"column":8}},{"start":{"line":218,"column":8},"end":{"line":218,"column":8}}]},"11":{"line":219,"type":"if","locations":[{"start":{"line":219,"column":8},"end":{"line":219,"column":8}},{"start":{"line":219,"column":8},"end":{"line":219,"column":8}}]},"12":{"line":225,"type":"if","locations":[{"start":{"line":225,"column":8},"end":{"line":225,"column":8}},{"start":{"line":225,"column":8},"end":{"line":225,"column":8}}]},"13":{"line":232,"type":"if","locations":[{"start":{"line":232,"column":8},"end":{"line":232,"column":8}},{"start":{"line":232,"column":8},"end":{"line":232,"column":8}}]},"14":{"line":239,"type":"if","locations":[{"start":{"line":239,"column":8},"end":{"line":239,"column":8}},{"start":{"line":239,"column":8},"end":{"line":239,"column":8}}]},"15":{"line":246,"type":"if","locations":[{"start":{"line":246,"column":8},"end":{"line":246,"column":8}},{"start":{"line":246,"column":8},"end":{"line":246,"column":8}}]},"16":{"line":253,"type":"if","locations":[{"start":{"line":253,"column":8},"end":{"line":253,"column":8}},{"start":{"line":253,"column":8},"end":{"line":253,"column":8}}]},"17":{"line":254,"type":"if","locations":[{"start":{"line":254,"column":8},"end":{"line":254,"column":8}},{"start":{"line":254,"column":8},"end":{"line":254,"column":8}}]},"18":{"line":257,"type":"if","locations":[{"start":{"line":257,"column":8},"end":{"line":257,"column":8}},{"start":{"line":257,"column":8},"end":{"line":257,"column":8}}]},"19":{"line":268,"type":"if","locations":[{"start":{"line":268,"column":8},"end":{"line":268,"column":8}},{"start":{"line":268,"column":8},"end":{"line":268,"column":8}}]},"20":{"line":272,"type":"if","locations":[{"start":{"line":272,"column":8},"end":{"line":272,"column":8}},{"start":{"line":272,"column":8},"end":{"line":272,"column":8}}]},"21":{"line":294,"type":"if","locations":[{"start":{"line":294,"column":8},"end":{"line":294,"column":8}},{"start":{"line":294,"column":8},"end":{"line":294,"column":8}}]},"22":{"line":310,"type":"if","locations":[{"start":{"line":310,"column":8},"end":{"line":310,"column":8}},{"start":{"line":310,"column":8},"end":{"line":310,"column":8}}]},"23":{"line":315,"type":"if","locations":[{"start":{"line":315,"column":8},"end":{"line":315,"column":8}},{"start":{"line":315,"column":8},"end":{"line":315,"column":8}}]},"24":{"line":316,"type":"if","locations":[{"start":{"line":316,"column":8},"end":{"line":316,"column":8}},{"start":{"line":316,"column":8},"end":{"line":316,"column":8}}]},"25":{"line":402,"type":"if","locations":[{"start":{"line":402,"column":8},"end":{"line":402,"column":8}},{"start":{"line":402,"column":8},"end":{"line":402,"column":8}}]},"26":{"line":403,"type":"if","locations":[{"start":{"line":403,"column":8},"end":{"line":403,"column":8}},{"start":{"line":403,"column":8},"end":{"line":403,"column":8}}]},"27":{"line":407,"type":"if","locations":[{"start":{"line":407,"column":8},"end":{"line":407,"column":8}},{"start":{"line":407,"column":8},"end":{"line":407,"column":8}}]},"28":{"line":415,"type":"if","locations":[{"start":{"line":415,"column":12},"end":{"line":415,"column":12}},{"start":{"line":415,"column":12},"end":{"line":415,"column":12}}]},"29":{"line":422,"type":"if","locations":[{"start":{"line":422,"column":8},"end":{"line":422,"column":8}},{"start":{"line":422,"column":8},"end":{"line":422,"column":8}}]},"30":{"line":423,"type":"if","locations":[{"start":{"line":423,"column":12},"end":{"line":423,"column":12}},{"start":{"line":423,"column":12},"end":{"line":423,"column":12}}]},"31":{"line":426,"type":"if","locations":[{"start":{"line":426,"column":8},"end":{"line":426,"column":8}},{"start":{"line":426,"column":8},"end":{"line":426,"column":8}}]},"32":{"line":432,"type":"if","locations":[{"start":{"line":432,"column":8},"end":{"line":432,"column":8}},{"start":{"line":432,"column":8},"end":{"line":432,"column":8}}]},"33":{"line":437,"type":"if","locations":[{"start":{"line":437,"column":8},"end":{"line":437,"column":8}},{"start":{"line":437,"column":8},"end":{"line":437,"column":8}}]},"34":{"line":447,"type":"if","locations":[{"start":{"line":447,"column":8},"end":{"line":447,"column":8}},{"start":{"line":447,"column":8},"end":{"line":447,"column":8}}]},"35":{"line":461,"type":"if","locations":[{"start":{"line":461,"column":8},"end":{"line":461,"column":8}},{"start":{"line":461,"column":8},"end":{"line":461,"column":8}}]},"36":{"line":463,"type":"if","locations":[{"start":{"line":463,"column":12},"end":{"line":463,"column":12}},{"start":{"line":463,"column":12},"end":{"line":463,"column":12}}]},"37":{"line":466,"type":"if","locations":[{"start":{"line":466,"column":19},"end":{"line":466,"column":19}},{"start":{"line":466,"column":19},"end":{"line":466,"column":19}}]},"38":{"line":480,"type":"if","locations":[{"start":{"line":480,"column":8},"end":{"line":480,"column":8}},{"start":{"line":480,"column":8},"end":{"line":480,"column":8}}]},"39":{"line":494,"type":"if","locations":[{"start":{"line":494,"column":12},"end":{"line":494,"column":12}},{"start":{"line":494,"column":12},"end":{"line":494,"column":12}}]},"40":{"line":498,"type":"if","locations":[{"start":{"line":498,"column":12},"end":{"line":498,"column":12}},{"start":{"line":498,"column":12},"end":{"line":498,"column":12}}]},"41":{"line":502,"type":"if","locations":[{"start":{"line":502,"column":12},"end":{"line":502,"column":12}},{"start":{"line":502,"column":12},"end":{"line":502,"column":12}}]},"42":{"line":506,"type":"if","locations":[{"start":{"line":506,"column":12},"end":{"line":506,"column":12}},{"start":{"line":506,"column":12},"end":{"line":506,"column":12}}]},"43":{"line":509,"type":"if","locations":[{"start":{"line":509,"column":12},"end":{"line":509,"column":12}},{"start":{"line":509,"column":12},"end":{"line":509,"column":12}}]},"44":{"line":605,"type":"if","locations":[{"start":{"line":605,"column":8},"end":{"line":605,"column":8}},{"start":{"line":605,"column":8},"end":{"line":605,"column":8}}]}}},"contracts/BUSDPlanetDividendTracker.sol":{"l":{"35":328,"36":328,"43":57,"44":57,"46":57,"47":57,"48":57,"53":0,"58":2,"59":2,"60":1,"61":1,"63":1,"67":3,"68":2,"69":1,"70":1,"71":1,"75":3,"77":2,"78":2,"80":2,"84":2,"85":1,"86":1,"87":1,"88":1,"92":1,"93":1,"95":1,"96":1,"98":1,"102":2,"103":1,"104":1,"105":1,"113":0,"114":0,"122":0,"126":0,"133":118,"134":118,"136":118,"137":118,"139":118,"143":0,"145":0,"146":0,"148":0,"153":0,"157":0,"175":0,"177":0,"179":0,"181":0,"182":0,"183":0,"185":0,"188":0,"192":0,"193":0,"195":0,"197":0,"199":0,"217":0,"218":0,"219":0,"223":120,"224":0,"227":120,"231":0,"239":0,"240":0,"245":0,"247":0,"249":0,"250":0,"251":0,"252":0,"254":0,"255":0,"259":0,"263":848,"265":77,"266":60,"267":60,"269":17,"270":17,"273":77,"285":345,"287":345,"288":286,"291":59,"293":59,"295":59,"297":59,"298":59,"300":59,"301":120,"303":120,"304":59,"307":120,"309":120,"310":120,"311":14,"315":120,"317":120,"318":120,"319":120,"322":59,"324":59,"333":197,"335":197,"336":14,"337":14,"338":14,"341":183},"path":"/home/steve/Documents/Dapps/BUSDPlanet/contracts/BUSDPlanetDividendTracker.sol","s":{"1":328,"2":57,"3":57,"4":57,"5":57,"6":57,"7":0,"8":2,"9":2,"10":1,"11":1,"12":1,"13":3,"14":2,"15":1,"16":1,"17":1,"18":3,"19":2,"20":2,"21":2,"22":2,"23":1,"24":1,"25":1,"26":1,"27":1,"28":1,"29":1,"30":1,"31":1,"32":2,"33":1,"34":1,"35":1,"36":0,"37":0,"38":0,"39":0,"40":118,"41":118,"42":118,"43":118,"44":118,"45":0,"46":0,"47":0,"48":0,"49":0,"50":0,"51":0,"52":0,"53":0,"54":0,"55":0,"56":0,"57":0,"58":0,"59":0,"60":0,"61":0,"62":0,"63":0,"64":0,"65":0,"66":0,"67":0,"68":120,"69":0,"70":120,"71":0,"72":0,"73":0,"74":0,"75":0,"76":0,"77":0,"78":0,"79":0,"80":0,"81":0,"82":0,"83":0,"84":0,"85":848,"86":771,"87":77,"88":60,"89":60,"90":17,"91":17,"92":77,"93":345,"94":345,"95":286,"96":59,"97":59,"98":59,"99":59,"100":59,"101":59,"102":120,"103":59,"104":120,"105":120,"106":120,"107":120,"108":120,"109":120,"110":120,"111":59,"112":59,"113":197,"114":197,"115":14,"116":14,"117":14,"118":183},"b":{"1":[328,0],"2":[2,0],"3":[1,1],"4":[2,1],"5":[1,1],"6":[2,1],"7":[1,1],"8":[1,0],"9":[1,0],"10":[1,1],"11":[0,0],"12":[0,0],"13":[0,0],"14":[118,0],"15":[0,0],"16":[0,0],"17":[0,0],"18":[0,0],"19":[0,120],"20":[0,0],"21":[0,0],"22":[0,0],"23":[0,0],"24":[771,77],"25":[60,17],"26":[286,59],"27":[59,61],"28":[120,0],"29":[14,106],"30":[120,0],"31":[14,183]},"f":{"1":328,"2":57,"3":0,"4":2,"5":3,"6":3,"7":2,"8":1,"9":2,"10":0,"11":0,"12":0,"13":118,"14":0,"15":0,"16":0,"17":0,"18":0,"19":120,"20":0,"21":0,"22":0,"23":848,"24":345,"25":197},"fnMap":{"1":{"name":"onlyOwnerOrDeployer","line":34,"loc":{"start":{"line":34,"column":4},"end":{"line":37,"column":4}}},"2":{"name":"constructor","line":41,"loc":{"start":{"line":40,"column":4},"end":{"line":49,"column":4}}},"3":{"name":"getOwner","line":52,"loc":{"start":{"line":52,"column":4},"end":{"line":54,"column":4}}},"4":{"name":"updateDeployerAddress","line":57,"loc":{"start":{"line":57,"column":4},"end":{"line":64,"column":4}}},"5":{"name":"updateClaimWait","line":66,"loc":{"start":{"line":66,"column":4},"end":{"line":72,"column":4}}},"6":{"name":"updateMinTokenBalance","line":74,"loc":{"start":{"line":74,"column":4},"end":{"line":81,"column":4}}},"7":{"name":"updateNameAndSymbol","line":83,"loc":{"start":{"line":83,"column":4},"end":{"line":89,"column":4}}},"8":{"name":"updateDividendToken","line":91,"loc":{"start":{"line":91,"column":4},"end":{"line":99,"column":4}}},"9":{"name":"updateLastProccedIndex","line":101,"loc":{"start":{"line":101,"column":4},"end":{"line":106,"column":4}}},"10":{"name":"recoverERC20","line":111,"loc":{"start":{"line":108,"column":4},"end":{"line":115,"column":4}}},"11":{"name":"_transfer","line":117,"loc":{"start":{"line":117,"column":4},"end":{"line":123,"column":4}}},"12":{"name":"withdrawDividend","line":125,"loc":{"start":{"line":125,"column":4},"end":{"line":130,"column":4}}},"13":{"name":"excludeFromDividends","line":132,"loc":{"start":{"line":132,"column":4},"end":{"line":140,"column":4}}},"14":{"name":"includeInDividends","line":142,"loc":{"start":{"line":142,"column":4},"end":{"line":149,"column":4}}},"15":{"name":"getLastProcessedIndex","line":152,"loc":{"start":{"line":152,"column":4},"end":{"line":154,"column":4}}},"16":{"name":"getNumberOfTokenHolders","line":156,"loc":{"start":{"line":156,"column":4},"end":{"line":158,"column":4}}},"17":{"name":"getAccount","line":160,"loc":{"start":{"line":160,"column":4},"end":{"line":200,"column":4}}},"18":{"name":"getAccountAtIndex","line":202,"loc":{"start":{"line":202,"column":4},"end":{"line":220,"column":4}}},"19":{"name":"canAutoClaim","line":222,"loc":{"start":{"line":222,"column":4},"end":{"line":228,"column":4}}},"20":{"name":"ensureBalance","line":230,"loc":{"start":{"line":230,"column":4},"end":{"line":232,"column":4}}},"21":{"name":"ensureBalanceForUsers","line":237,"loc":{"start":{"line":234,"column":4},"end":{"line":242,"column":4}}},"22":{"name":"ensureBalanceForUser","line":244,"loc":{"start":{"line":244,"column":4},"end":{"line":260,"column":4}}},"23":{"name":"setBalance","line":262,"loc":{"start":{"line":262,"column":4},"end":{"line":274,"column":4}}},"24":{"name":"process","line":276,"loc":{"start":{"line":276,"column":4},"end":{"line":325,"column":4}}},"25":{"name":"processAccount","line":330,"loc":{"start":{"line":327,"column":4},"end":{"line":342,"column":4}}}},"statementMap":{"1":{"start":{"line":35,"column":8},"end":{"line":35,"column":115}},"2":{"start":{"line":43,"column":8},"end":{"line":43,"column":23}},"3":{"start":{"line":44,"column":8},"end":{"line":44,"column":57}},"4":{"start":{"line":46,"column":8},"end":{"line":46,"column":30}},"5":{"start":{"line":47,"column":8},"end":{"line":47,"column":33}},"6":{"start":{"line":48,"column":8},"end":{"line":48,"column":38}},"7":{"start":{"line":53,"column":8},"end":{"line":53,"column":22}},"8":{"start":{"line":58,"column":8},"end":{"line":58,"column":61}},"9":{"start":{"line":59,"column":8},"end":{"line":59,"column":69}},"10":{"start":{"line":60,"column":8},"end":{"line":60,"column":38}},"11":{"start":{"line":61,"column":8},"end":{"line":61,"column":29}},"12":{"start":{"line":63,"column":8},"end":{"line":63,"column":56}},"13":{"start":{"line":67,"column":8},"end":{"line":67,"column":88}},"14":{"start":{"line":68,"column":8},"end":{"line":68,"column":69}},"15":{"start":{"line":69,"column":8},"end":{"line":69,"column":37}},"16":{"start":{"line":70,"column":8},"end":{"line":70,"column":31}},"17":{"start":{"line":71,"column":8},"end":{"line":71,"column":54}},"18":{"start":{"line":75,"column":8},"end":{"line":75,"column":103}},"19":{"start":{"line":77,"column":8},"end":{"line":77,"column":59}},"20":{"start":{"line":78,"column":8},"end":{"line":78,"column":64}},"21":{"start":{"line":80,"column":8},"end":{"line":80,"column":80}},"22":{"start":{"line":84,"column":8},"end":{"line":84,"column":52}},"23":{"start":{"line":85,"column":8},"end":{"line":85,"column":20}},"24":{"start":{"line":86,"column":8},"end":{"line":86,"column":24}},"25":{"start":{"line":87,"column":8},"end":{"line":87,"column":25}},"26":{"start":{"line":88,"column":8},"end":{"line":88,"column":47}},"27":{"start":{"line":92,"column":8},"end":{"line":92,"column":70}},"28":{"start":{"line":93,"column":8},"end":{"line":93,"column":80}},"29":{"start":{"line":95,"column":8},"end":{"line":95,"column":48}},"30":{"start":{"line":96,"column":8},"end":{"line":96,"column":39}},"31":{"start":{"line":98,"column":8},"end":{"line":98,"column":65}},"32":{"start":{"line":102,"column":8},"end":{"line":102,"column":66}},"33":{"start":{"line":103,"column":8},"end":{"line":103,"column":42}},"34":{"start":{"line":104,"column":8},"end":{"line":104,"column":36}},"35":{"start":{"line":105,"column":8},"end":{"line":105,"column":65}},"36":{"start":{"line":113,"column":8},"end":{"line":113,"column":96}},"37":{"start":{"line":114,"column":8},"end":{"line":114,"column":52}},"38":{"start":{"line":122,"column":8},"end":{"line":122,"column":72}},"39":{"start":{"line":126,"column":8},"end":{"line":126,"column":4493}},"40":{"start":{"line":133,"column":8},"end":{"line":133,"column":102}},"41":{"start":{"line":134,"column":8},"end":{"line":134,"column":44}},"42":{"start":{"line":136,"column":8},"end":{"line":136,"column":30}},"43":{"start":{"line":137,"column":8},"end":{"line":137,"column":38}},"44":{"start":{"line":139,"column":8},"end":{"line":139,"column":42}},"45":{"start":{"line":143,"column":8},"end":{"line":143,"column":97}},"46":{"start":{"line":145,"column":8},"end":{"line":145,"column":45}},"47":{"start":{"line":146,"column":8},"end":{"line":146,"column":30}},"48":{"start":{"line":148,"column":8},"end":{"line":148,"column":41}},"49":{"start":{"line":153,"column":8},"end":{"line":153,"column":33}},"50":{"start":{"line":157,"column":8},"end":{"line":157,"column":42}},"51":{"start":{"line":175,"column":8},"end":{"line":175,"column":25}},"52":{"start":{"line":177,"column":8},"end":{"line":177,"column":53}},"53":{"start":{"line":179,"column":8},"end":{"line":179,"column":36}},"54":{"start":{"line":181,"column":8},"end":{"line":181,"column":6151}},"55":{"start":{"line":182,"column":12},"end":{"line":182,"column":6185}},"56":{"start":{"line":183,"column":16},"end":{"line":183,"column":76}},"57":{"start":{"line":185,"column":16},"end":{"line":185,"column":6355}},"58":{"start":{"line":188,"column":16},"end":{"line":188,"column":82}},"59":{"start":{"line":192,"column":8},"end":{"line":192,"column":62}},"60":{"start":{"line":193,"column":8},"end":{"line":193,"column":55}},"61":{"start":{"line":195,"column":8},"end":{"line":195,"column":46}},"62":{"start":{"line":197,"column":8},"end":{"line":197,"column":72}},"63":{"start":{"line":199,"column":8},"end":{"line":199,"column":109}},"64":{"start":{"line":217,"column":8},"end":{"line":217,"column":87}},"65":{"start":{"line":217,"column":45},"end":{"line":217,"column":87}},"66":{"start":{"line":218,"column":8},"end":{"line":218,"column":62}},"67":{"start":{"line":219,"column":8},"end":{"line":219,"column":34}},"68":{"start":{"line":223,"column":8},"end":{"line":223,"column":7574}},"69":{"start":{"line":224,"column":12},"end":{"line":224,"column":24}},"70":{"start":{"line":227,"column":8},"end":{"line":227,"column":61}},"71":{"start":{"line":231,"column":8},"end":{"line":231,"column":60}},"72":{"start":{"line":239,"column":8},"end":{"line":239,"column":8013}},"73":{"start":{"line":240,"column":12},"end":{"line":240,"column":56}},"74":{"start":{"line":245,"column":8},"end":{"line":245,"column":64}},"75":{"start":{"line":247,"column":8},"end":{"line":247,"column":50}},"76":{"start":{"line":247,"column":44},"end":{"line":247,"column":50}},"77":{"start":{"line":249,"column":8},"end":{"line":249,"column":8383}},"78":{"start":{"line":250,"column":12},"end":{"line":250,"column":8436}},"79":{"start":{"line":251,"column":16},"end":{"line":251,"column":44}},"80":{"start":{"line":252,"column":16},"end":{"line":252,"column":52}},"81":{"start":{"line":254,"column":16},"end":{"line":254,"column":38}},"82":{"start":{"line":255,"column":16},"end":{"line":255,"column":46}},"83":{"start":{"line":259,"column":8},"end":{"line":259,"column":52}},"84":{"start":{"line":259,"column":22},"end":{"line":259,"column":51}},"85":{"start":{"line":263,"column":8},"end":{"line":263,"column":50}},"86":{"start":{"line":263,"column":44},"end":{"line":263,"column":50}},"87":{"start":{"line":265,"column":8},"end":{"line":265,"column":8941}},"88":{"start":{"line":266,"column":12},"end":{"line":266,"column":43}},"89":{"start":{"line":267,"column":12},"end":{"line":267,"column":51}},"90":{"start":{"line":269,"column":12},"end":{"line":269,"column":34}},"91":{"start":{"line":270,"column":12},"end":{"line":270,"column":42}},"92":{"start":{"line":273,"column":8},"end":{"line":273,"column":36}},"93":{"start":{"line":285,"column":8},"end":{"line":285,"column":66}},"94":{"start":{"line":287,"column":8},"end":{"line":287,"column":9491}},"95":{"start":{"line":288,"column":12},"end":{"line":288,"column":45}},"96":{"start":{"line":291,"column":8},"end":{"line":291,"column":56}},"97":{"start":{"line":293,"column":8},"end":{"line":293,"column":27}},"98":{"start":{"line":295,"column":8},"end":{"line":295,"column":35}},"99":{"start":{"line":297,"column":8},"end":{"line":297,"column":30}},"100":{"start":{"line":298,"column":8},"end":{"line":298,"column":26}},"101":{"start":{"line":300,"column":8},"end":{"line":300,"column":9778}},"102":{"start":{"line":303,"column":12},"end":{"line":303,"column":9891}},"103":{"start":{"line":304,"column":16},"end":{"line":304,"column":38}},"104":{"start":{"line":307,"column":12},"end":{"line":307,"column":71}},"105":{"start":{"line":309,"column":12},"end":{"line":309,"column":10091}},"106":{"start":{"line":310,"column":16},"end":{"line":310,"column":10156}},"107":{"start":{"line":317,"column":12},"end":{"line":317,"column":42}},"108":{"start":{"line":318,"column":12},"end":{"line":318,"column":80}},"109":{"start":{"line":318,"column":38},"end":{"line":318,"column":79}},"110":{"start":{"line":319,"column":12},"end":{"line":319,"column":31}},"111":{"start":{"line":322,"column":8},"end":{"line":322,"column":47}},"112":{"start":{"line":324,"column":8},"end":{"line":324,"column":55}},"113":{"start":{"line":333,"column":8},"end":{"line":333,"column":57}},"114":{"start":{"line":335,"column":8},"end":{"line":335,"column":10796}},"115":{"start":{"line":336,"column":12},"end":{"line":336,"column":52}},"116":{"start":{"line":337,"column":12},"end":{"line":337,"column":50}},"117":{"start":{"line":338,"column":12},"end":{"line":338,"column":23}},"118":{"start":{"line":341,"column":8},"end":{"line":341,"column":20}}},"branchMap":{"1":{"line":35,"type":"if","locations":[{"start":{"line":35,"column":8},"end":{"line":35,"column":8}},{"start":{"line":35,"column":8},"end":{"line":35,"column":8}}]},"2":{"line":58,"type":"if","locations":[{"start":{"line":58,"column":8},"end":{"line":58,"column":8}},{"start":{"line":58,"column":8},"end":{"line":58,"column":8}}]},"3":{"line":59,"type":"if","locations":[{"start":{"line":59,"column":8},"end":{"line":59,"column":8}},{"start":{"line":59,"column":8},"end":{"line":59,"column":8}}]},"4":{"line":67,"type":"if","locations":[{"start":{"line":67,"column":8},"end":{"line":67,"column":8}},{"start":{"line":67,"column":8},"end":{"line":67,"column":8}}]},"5":{"line":68,"type":"if","locations":[{"start":{"line":68,"column":8},"end":{"line":68,"column":8}},{"start":{"line":68,"column":8},"end":{"line":68,"column":8}}]},"6":{"line":75,"type":"if","locations":[{"start":{"line":75,"column":8},"end":{"line":75,"column":8}},{"start":{"line":75,"column":8},"end":{"line":75,"column":8}}]},"7":{"line":84,"type":"if","locations":[{"start":{"line":84,"column":8},"end":{"line":84,"column":8}},{"start":{"line":84,"column":8},"end":{"line":84,"column":8}}]},"8":{"line":92,"type":"if","locations":[{"start":{"line":92,"column":8},"end":{"line":92,"column":8}},{"start":{"line":92,"column":8},"end":{"line":92,"column":8}}]},"9":{"line":93,"type":"if","locations":[{"start":{"line":93,"column":8},"end":{"line":93,"column":8}},{"start":{"line":93,"column":8},"end":{"line":93,"column":8}}]},"10":{"line":102,"type":"if","locations":[{"start":{"line":102,"column":8},"end":{"line":102,"column":8}},{"start":{"line":102,"column":8},"end":{"line":102,"column":8}}]},"11":{"line":113,"type":"if","locations":[{"start":{"line":113,"column":8},"end":{"line":113,"column":8}},{"start":{"line":113,"column":8},"end":{"line":113,"column":8}}]},"12":{"line":122,"type":"if","locations":[{"start":{"line":122,"column":8},"end":{"line":122,"column":8}},{"start":{"line":122,"column":8},"end":{"line":122,"column":8}}]},"13":{"line":126,"type":"if","locations":[{"start":{"line":126,"column":8},"end":{"line":126,"column":8}},{"start":{"line":126,"column":8},"end":{"line":126,"column":8}}]},"14":{"line":133,"type":"if","locations":[{"start":{"line":133,"column":8},"end":{"line":133,"column":8}},{"start":{"line":133,"column":8},"end":{"line":133,"column":8}}]},"15":{"line":143,"type":"if","locations":[{"start":{"line":143,"column":8},"end":{"line":143,"column":8}},{"start":{"line":143,"column":8},"end":{"line":143,"column":8}}]},"16":{"line":181,"type":"if","locations":[{"start":{"line":181,"column":8},"end":{"line":181,"column":8}},{"start":{"line":181,"column":8},"end":{"line":181,"column":8}}]},"17":{"line":182,"type":"if","locations":[{"start":{"line":182,"column":12},"end":{"line":182,"column":12}},{"start":{"line":182,"column":12},"end":{"line":182,"column":12}}]},"18":{"line":217,"type":"if","locations":[{"start":{"line":217,"column":8},"end":{"line":217,"column":8}},{"start":{"line":217,"column":8},"end":{"line":217,"column":8}}]},"19":{"line":223,"type":"if","locations":[{"start":{"line":223,"column":8},"end":{"line":223,"column":8}},{"start":{"line":223,"column":8},"end":{"line":223,"column":8}}]},"20":{"line":247,"type":"if","locations":[{"start":{"line":247,"column":8},"end":{"line":247,"column":8}},{"start":{"line":247,"column":8},"end":{"line":247,"column":8}}]},"21":{"line":249,"type":"if","locations":[{"start":{"line":249,"column":8},"end":{"line":249,"column":8}},{"start":{"line":249,"column":8},"end":{"line":249,"column":8}}]},"22":{"line":250,"type":"if","locations":[{"start":{"line":250,"column":12},"end":{"line":250,"column":12}},{"start":{"line":250,"column":12},"end":{"line":250,"column":12}}]},"23":{"line":259,"type":"if","locations":[{"start":{"line":259,"column":8},"end":{"line":259,"column":8}},{"start":{"line":259,"column":8},"end":{"line":259,"column":8}}]},"24":{"line":263,"type":"if","locations":[{"start":{"line":263,"column":8},"end":{"line":263,"column":8}},{"start":{"line":263,"column":8},"end":{"line":263,"column":8}}]},"25":{"line":265,"type":"if","locations":[{"start":{"line":265,"column":8},"end":{"line":265,"column":8}},{"start":{"line":265,"column":8},"end":{"line":265,"column":8}}]},"26":{"line":287,"type":"if","locations":[{"start":{"line":287,"column":8},"end":{"line":287,"column":8}},{"start":{"line":287,"column":8},"end":{"line":287,"column":8}}]},"27":{"line":303,"type":"if","locations":[{"start":{"line":303,"column":12},"end":{"line":303,"column":12}},{"start":{"line":303,"column":12},"end":{"line":303,"column":12}}]},"28":{"line":309,"type":"if","locations":[{"start":{"line":309,"column":12},"end":{"line":309,"column":12}},{"start":{"line":309,"column":12},"end":{"line":309,"column":12}}]},"29":{"line":310,"type":"if","locations":[{"start":{"line":310,"column":16},"end":{"line":310,"column":16}},{"start":{"line":310,"column":16},"end":{"line":310,"column":16}}]},"30":{"line":318,"type":"if","locations":[{"start":{"line":318,"column":12},"end":{"line":318,"column":12}},{"start":{"line":318,"column":12},"end":{"line":318,"column":12}}]},"31":{"line":335,"type":"if","locations":[{"start":{"line":335,"column":8},"end":{"line":335,"column":8}},{"start":{"line":335,"column":8},"end":{"line":335,"column":8}}]}}},"contracts/Context.sol":{"l":{"18":2450},"path":"/home/steve/Documents/Dapps/BUSDPlanet/contracts/Context.sol","s":{"1":2450},"b":{},"f":{"1":2450},"fnMap":{"1":{"name":"_msgSender","line":17,"loc":{"start":{"line":17,"column":4},"end":{"line":19,"column":4}}}},"statementMap":{"1":{"start":{"line":18,"column":8},"end":{"line":18,"column":25}}},"branchMap":{}},"contracts/DividendPayingToken.sol":{"l":{"33":57,"37":12,"39":12,"41":12,"42":12,"44":12,"49":0,"53":197,"54":197,"55":14,"56":14,"57":14,"59":14,"60":0,"61":0,"64":14,"67":183,"71":0,"75":197,"79":0,"83":197,"93":0,"95":0,"96":0,"97":0,"101":19,"103":19,"109":41,"111":41,"117":195,"119":195,"120":19,"121":19,"123":41,"124":41},"path":"/home/steve/Documents/Dapps/BUSDPlanet/contracts/DividendPayingToken.sol","s":{"1":57,"2":12,"3":12,"4":12,"5":12,"6":12,"7":0,"8":197,"9":197,"10":14,"11":14,"12":14,"13":14,"14":0,"15":0,"16":14,"17":183,"18":0,"19":197,"20":0,"21":197,"22":0,"23":0,"24":0,"25":0,"26":19,"27":19,"28":41,"29":41,"30":195,"31":195,"32":19,"33":19,"34":176,"35":41,"36":41},"b":{"1":[12,0],"2":[12,0],"3":[14,183],"4":[0,14],"5":[0,0],"6":[19,176],"7":[41,135]},"f":{"1":57,"2":12,"3":0,"4":197,"5":0,"6":197,"7":0,"8":197,"9":0,"10":19,"11":41,"12":195},"fnMap":{"1":{"name":"constructor","line":32,"loc":{"start":{"line":28,"column":4},"end":{"line":34,"column":4}}},"2":{"name":"distributeDividends","line":36,"loc":{"start":{"line":36,"column":4},"end":{"line":46,"column":4}}},"3":{"name":"withdrawDividend","line":48,"loc":{"start":{"line":48,"column":4},"end":{"line":50,"column":4}}},"4":{"name":"_withdrawDividendOfUser","line":52,"loc":{"start":{"line":52,"column":4},"end":{"line":68,"column":4}}},"5":{"name":"dividendOf","line":70,"loc":{"start":{"line":70,"column":4},"end":{"line":72,"column":4}}},"6":{"name":"withdrawableDividendOf","line":74,"loc":{"start":{"line":74,"column":4},"end":{"line":76,"column":4}}},"7":{"name":"withdrawnDividendOf","line":78,"loc":{"start":{"line":78,"column":4},"end":{"line":80,"column":4}}},"8":{"name":"accumulativeDividendOf","line":82,"loc":{"start":{"line":82,"column":4},"end":{"line":86,"column":4}}},"9":{"name":"_transfer","line":88,"loc":{"start":{"line":88,"column":4},"end":{"line":98,"column":4}}},"10":{"name":"_mint","line":100,"loc":{"start":{"line":100,"column":4},"end":{"line":106,"column":4}}},"11":{"name":"_burn","line":108,"loc":{"start":{"line":108,"column":4},"end":{"line":114,"column":4}}},"12":{"name":"_setBalance","line":116,"loc":{"start":{"line":116,"column":4},"end":{"line":126,"column":4}}}},"statementMap":{"1":{"start":{"line":33,"column":8},"end":{"line":33,"column":37}},"2":{"start":{"line":37,"column":8},"end":{"line":37,"column":82}},"3":{"start":{"line":39,"column":8},"end":{"line":39,"column":1092}},"4":{"start":{"line":41,"column":12},"end":{"line":41,"column":105}},"5":{"start":{"line":42,"column":12},"end":{"line":42,"column":57}},"6":{"start":{"line":44,"column":12},"end":{"line":44,"column":73}},"7":{"start":{"line":49,"column":8},"end":{"line":49,"column":51}},"8":{"start":{"line":53,"column":8},"end":{"line":53,"column":68}},"9":{"start":{"line":54,"column":8},"end":{"line":54,"column":1669}},"10":{"start":{"line":55,"column":12},"end":{"line":55,"column":86}},"11":{"start":{"line":56,"column":12},"end":{"line":56,"column":63}},"12":{"start":{"line":57,"column":12},"end":{"line":57,"column":86}},"13":{"start":{"line":59,"column":12},"end":{"line":59,"column":1961}},"14":{"start":{"line":60,"column":16},"end":{"line":60,"column":90}},"15":{"start":{"line":61,"column":16},"end":{"line":61,"column":24}},"16":{"start":{"line":64,"column":12},"end":{"line":64,"column":40}},"17":{"start":{"line":67,"column":8},"end":{"line":67,"column":16}},"18":{"start":{"line":71,"column":8},"end":{"line":71,"column":45}},"19":{"start":{"line":75,"column":8},"end":{"line":75,"column":74}},"20":{"start":{"line":79,"column":8},"end":{"line":79,"column":41}},"21":{"start":{"line":83,"column":8},"end":{"line":83,"column":2750}},"22":{"start":{"line":93,"column":8},"end":{"line":93,"column":21}},"23":{"start":{"line":95,"column":8},"end":{"line":95,"column":73}},"24":{"start":{"line":96,"column":8},"end":{"line":96,"column":95}},"25":{"start":{"line":97,"column":8},"end":{"line":97,"column":91}},"26":{"start":{"line":101,"column":8},"end":{"line":101,"column":34}},"27":{"start":{"line":103,"column":8},"end":{"line":103,"column":3474}},"28":{"start":{"line":109,"column":8},"end":{"line":109,"column":34}},"29":{"start":{"line":111,"column":8},"end":{"line":111,"column":3745}},"30":{"start":{"line":117,"column":8},"end":{"line":117,"column":51}},"31":{"start":{"line":119,"column":8},"end":{"line":119,"column":3990}},"32":{"start":{"line":120,"column":12},"end":{"line":120,"column":60}},"33":{"start":{"line":121,"column":12},"end":{"line":121,"column":37}},"34":{"start":{"line":122,"column":15},"end":{"line":122,"column":4142}},"35":{"start":{"line":123,"column":12},"end":{"line":123,"column":60}},"36":{"start":{"line":124,"column":12},"end":{"line":124,"column":37}}},"branchMap":{"1":{"line":37,"type":"if","locations":[{"start":{"line":37,"column":8},"end":{"line":37,"column":8}},{"start":{"line":37,"column":8},"end":{"line":37,"column":8}}]},"2":{"line":39,"type":"if","locations":[{"start":{"line":39,"column":8},"end":{"line":39,"column":8}},{"start":{"line":39,"column":8},"end":{"line":39,"column":8}}]},"3":{"line":54,"type":"if","locations":[{"start":{"line":54,"column":8},"end":{"line":54,"column":8}},{"start":{"line":54,"column":8},"end":{"line":54,"column":8}}]},"4":{"line":59,"type":"if","locations":[{"start":{"line":59,"column":12},"end":{"line":59,"column":12}},{"start":{"line":59,"column":12},"end":{"line":59,"column":12}}]},"5":{"line":93,"type":"if","locations":[{"start":{"line":93,"column":8},"end":{"line":93,"column":8}},{"start":{"line":93,"column":8},"end":{"line":93,"column":8}}]},"6":{"line":119,"type":"if","locations":[{"start":{"line":119,"column":8},"end":{"line":119,"column":8}},{"start":{"line":119,"column":8},"end":{"line":119,"column":8}}]},"7":{"line":122,"type":"if","locations":[{"start":{"line":122,"column":15},"end":{"line":122,"column":15}},{"start":{"line":122,"column":15},"end":{"line":122,"column":15}}]}}},"contracts/ERC1363.sol":{"l":{"25":0,"35":0,"50":0,"51":0,"52":0,"67":0,"84":0,"85":0,"86":0,"96":0,"111":0,"112":0,"113":0,"131":0,"132":0,"134":0,"135":0,"151":0,"152":0,"154":0,"155":0},"path":"/home/steve/Documents/Dapps/BUSDPlanet/contracts/ERC1363.sol","s":{"1":0,"2":0,"3":0,"4":0,"5":0,"6":0,"7":0,"8":0,"9":0,"10":0,"11":0,"12":0,"13":0,"14":0,"15":0,"16":0,"17":0,"18":0,"19":0,"20":0,"21":0},"b":{"1":[0,0],"2":[0,0],"3":[0,0],"4":[0,0],"5":[0,0]},"f":{"1":0,"2":0,"3":0,"4":0,"5":0,"6":0,"7":0,"8":0,"9":0},"fnMap":{"1":{"name":"supportsInterface","line":24,"loc":{"start":{"line":24,"column":4},"end":{"line":26,"column":4}}},"2":{"name":"transferAndCall","line":34,"loc":{"start":{"line":34,"column":4},"end":{"line":36,"column":4}}},"3":{"name":"transferAndCall","line":45,"loc":{"start":{"line":45,"column":4},"end":{"line":53,"column":4}}},"4":{"name":"transferFromAndCall","line":62,"loc":{"start":{"line":62,"column":4},"end":{"line":68,"column":4}}},"5":{"name":"transferFromAndCall","line":78,"loc":{"start":{"line":78,"column":4},"end":{"line":87,"column":4}}},"6":{"name":"approveAndCall","line":95,"loc":{"start":{"line":95,"column":4},"end":{"line":97,"column":4}}},"7":{"name":"approveAndCall","line":106,"loc":{"start":{"line":106,"column":4},"end":{"line":114,"column":4}}},"8":{"name":"_checkAndCallTransfer","line":125,"loc":{"start":{"line":125,"column":4},"end":{"line":136,"column":4}}},"9":{"name":"_checkAndCallApprove","line":146,"loc":{"start":{"line":146,"column":4},"end":{"line":156,"column":4}}}},"statementMap":{"1":{"start":{"line":25,"column":8},"end":{"line":25,"column":96}},"2":{"start":{"line":35,"column":8},"end":{"line":35,"column":53}},"3":{"start":{"line":50,"column":8},"end":{"line":50,"column":34}},"4":{"start":{"line":51,"column":8},"end":{"line":51,"column":118}},"5":{"start":{"line":52,"column":8},"end":{"line":52,"column":19}},"6":{"start":{"line":67,"column":8},"end":{"line":67,"column":65}},"7":{"start":{"line":84,"column":8},"end":{"line":84,"column":46}},"8":{"start":{"line":85,"column":8},"end":{"line":85,"column":112}},"9":{"start":{"line":86,"column":8},"end":{"line":86,"column":19}},"10":{"start":{"line":96,"column":8},"end":{"line":96,"column":50}},"11":{"start":{"line":111,"column":8},"end":{"line":111,"column":31}},"12":{"start":{"line":112,"column":8},"end":{"line":112,"column":100}},"13":{"start":{"line":113,"column":8},"end":{"line":113,"column":19}},"14":{"start":{"line":131,"column":8},"end":{"line":131,"column":5265}},"15":{"start":{"line":132,"column":12},"end":{"line":132,"column":24}},"16":{"start":{"line":134,"column":8},"end":{"line":134,"column":106}},"17":{"start":{"line":135,"column":8},"end":{"line":135,"column":82}},"18":{"start":{"line":151,"column":8},"end":{"line":151,"column":6153}},"19":{"start":{"line":152,"column":12},"end":{"line":152,"column":24}},"20":{"start":{"line":154,"column":8},"end":{"line":154,"column":95}},"21":{"start":{"line":155,"column":8},"end":{"line":155,"column":79}}},"branchMap":{"1":{"line":51,"type":"if","locations":[{"start":{"line":51,"column":8},"end":{"line":51,"column":8}},{"start":{"line":51,"column":8},"end":{"line":51,"column":8}}]},"2":{"line":85,"type":"if","locations":[{"start":{"line":85,"column":8},"end":{"line":85,"column":8}},{"start":{"line":85,"column":8},"end":{"line":85,"column":8}}]},"3":{"line":112,"type":"if","locations":[{"start":{"line":112,"column":8},"end":{"line":112,"column":8}},{"start":{"line":112,"column":8},"end":{"line":112,"column":8}}]},"4":{"line":131,"type":"if","locations":[{"start":{"line":131,"column":8},"end":{"line":131,"column":8}},{"start":{"line":131,"column":8},"end":{"line":131,"column":8}}]},"5":{"line":151,"type":"if","locations":[{"start":{"line":151,"column":8},"end":{"line":151,"column":8}},{"start":{"line":151,"column":8},"end":{"line":151,"column":8}}]}}},"contracts/ERC165.sol":{"l":{"27":0},"path":"/home/steve/Documents/Dapps/BUSDPlanet/contracts/ERC165.sol","s":{"1":0},"b":{},"f":{"1":0},"fnMap":{"1":{"name":"supportsInterface","line":26,"loc":{"start":{"line":26,"column":4},"end":{"line":28,"column":4}}}},"statementMap":{"1":{"start":{"line":27,"column":8},"end":{"line":27,"column":55}}},"branchMap":{}},"contracts/ERC20.sol":{"l":{"53":114,"54":114,"61":0,"69":0,"86":0,"93":25,"100":2686,"112":26,"113":25,"120":0,"131":24,"132":24,"153":399,"155":398,"156":398,"157":398,"158":398,"161":398,"177":0,"178":0,"196":0,"197":0,"198":0,"199":0,"202":0,"224":492,"225":492,"227":492,"229":492,"230":492,"231":492,"232":492,"234":492,"236":492,"238":492,"251":76,"253":76,"255":76,"256":76,"257":76,"259":76,"274":41,"276":41,"278":41,"279":41,"280":41,"281":41,"283":41,"285":41,"287":41,"308":500,"309":500,"311":500,"312":500},"path":"/home/steve/Documents/Dapps/BUSDPlanet/contracts/ERC20.sol","s":{"1":114,"2":114,"3":0,"4":0,"5":0,"6":25,"7":2686,"8":26,"9":25,"10":0,"11":24,"12":24,"13":399,"14":398,"15":398,"16":398,"17":398,"18":0,"19":0,"20":0,"21":0,"22":0,"23":0,"24":492,"25":492,"26":492,"27":492,"28":492,"29":492,"30":492,"31":492,"32":492,"33":76,"34":76,"35":76,"36":76,"37":76,"38":76,"39":41,"40":41,"41":41,"42":41,"43":41,"44":41,"45":41,"46":41,"47":500,"48":500,"49":500,"50":500},"b":{"1":[398,0],"2":[0,0],"3":[492,0],"4":[492,0],"5":[492,0],"6":[76,0],"7":[41,0],"8":[41,0],"9":[500,0],"10":[500,0]},"f":{"1":114,"2":0,"3":0,"4":0,"5":25,"6":2686,"7":26,"8":0,"9":24,"10":399,"11":0,"12":0,"13":492,"14":76,"15":41,"16":500,"17":609,"18":609},"fnMap":{"1":{"name":"constructor","line":52,"loc":{"start":{"line":52,"column":4},"end":{"line":55,"column":4}}},"2":{"name":"name","line":60,"loc":{"start":{"line":60,"column":4},"end":{"line":62,"column":4}}},"3":{"name":"symbol","line":68,"loc":{"start":{"line":68,"column":4},"end":{"line":70,"column":4}}},"4":{"name":"decimals","line":85,"loc":{"start":{"line":85,"column":4},"end":{"line":87,"column":4}}},"5":{"name":"totalSupply","line":92,"loc":{"start":{"line":92,"column":4},"end":{"line":94,"column":4}}},"6":{"name":"bal
[...]
}}},"branchMap":{"1":{"line":89,"type":"if","locations":[{"start":{"line":89,"column":8},"end":{"line":89,"column":8}},{"start":{"line":89,"column":8},"end":{"line":89,"column":8}}]},"2":{"line":93,"type":"if","locations":[{"start":{"line":93,"column":8},"end":{"line":93,"column":8}},{"start":{"line":93,"column":8},"end":{"line":93,"column":8}}]}}},"contracts/IBEP20.sol":{"l":{},"path":"/home/steve/Documents/Dapps/BUSDPlanet/contracts/IBEP20.sol","s":{},"b":{},"f":{},"fnMap":{},"statementMap":{},"branchMap":{}},"contracts/IBUSDPlanet.sol":{"l":{},"path":"/home/steve/Documents/Dapps/BUSDPlanet/contracts/IBUSDPlanet.sol","s":{},"b":{},"f":{},"fnMap":{},"statementMap":{},"branchMap":{}},"contracts/IBUSDPlanetDividendTracker.sol":{"l":{},"path":"/home/steve/Documents/Dapps/BUSDPlanet/contracts/IBUSDPlanetDividendTracker.sol","s":{},"b":{},"f":{},"fnMap":{},"statementMap":{},"branchMap":{}},"contracts/IDEXFactory.sol":{"l":{},"path":"/home/steve/Documents/Dapps/BUSDPlanet/contracts/IDEXFactory.sol","s":{},"b":{},"f":{},"fnMap":{},"statementMap":{},"branchMap":{}},"contracts/IDEXPair.sol":{"l":{},"path":"/home/steve/Documents/Dapps/BUSDPlanet/contracts/IDEXPair.sol","s":{},"b":{},"f":{},"fnMap":{},"statementMap":{},"branchMap":{}},"contracts/IDEXRouter.sol":{"l":{},"path":"/home/steve/Documents/Dapps/BUSDPlanet/contracts/IDEXRouter.sol","s":{},"b":{},"f":{},"fnMap":{},"statementMap":{},"branchMap":{}},"contracts/IDividendPayingTokenInterface.sol":{"l":{},"path":"/home/steve/Documents/Dapps/BUSDPlanet/contracts/IDividendPayingTokenInterface.sol","s":{},"b":{},"f":{},"fnMap":{},"statementMap":{},"branchMap":{}},"contracts/IDividendPayingTokenOptionalInterface.sol":{"l":{},"path":"/home/steve/Documents/Dapps/BUSDPlanet/contracts/IDividendPayingTokenOptionalInterface.sol","s":{},"b":{},"f":{},"fnMap":{},"statementMap":{},"branchMap":{}},"contracts/IERC1363.sol":{"l":{},"path":"/home/steve/Documents/Dapps/BUSDPlanet/contracts/IERC1363.sol","s":{},"b":{},"f":{},"fnMap":{},"statementMap":{},"branchMap":{}},"contracts/IERC1363Receiver.sol":{"l":{},"path":"/home/steve/Documents/Dapps/BUSDPlanet/contracts/IERC1363Receiver.sol","s":{},"b":{},"f":{},"fnMap":{},"statementMap":{},"branchMap":{}},"contracts/IERC1363Spender.sol":{"l":{},"path":"/home/steve/Documents/Dapps/BUSDPlanet/contracts/IERC1363Spender.sol","s":{},"b":{},"f":{},"fnMap":{},"statementMap":{},"branchMap":{}},"contracts/IERC165.sol":{"l":{},"path":"/home/steve/Documents/Dapps/BUSDPlanet/contracts/IERC165.sol","s":{},"b":{},"f":{},"fnMap":{},"statementMap":{},"branchMap":{}},"contracts/IERC20.sol":{"l":{},"path":"/home/steve/Documents/Dapps/BUSDPlanet/contracts/IERC20.sol","s":{},"b":{},"f":{},"fnMap":{},"statementMap":{},"branchMap":{}},"contracts/IERC20Burnable.sol":{"l":{},"path":"/home/steve/Documents/Dapps/BUSDPlanet/contracts/IERC20Burnable.sol","s":{},"b":{},"f":{},"fnMap":{},"statementMap":{},"branchMap":{}},"contracts/IERC20Metadata.sol":{"l":{},"path":"/home/steve/Documents/Dapps/BUSDPlanet/contracts/IERC20Metadata.sol","s":{},"b":{},"f":{},"fnMap":{},"statementMap":{},"branchMap":{}},"contracts/IERC20TokenRecover.sol":{"l":{},"path":"/home/steve/Documents/Dapps/BUSDPlanet/contracts/IERC20TokenRecover.sol","s":{},"b":{},"f":{},"fnMap":{},"statementMap":{},"branchMap":{}},"contracts/IERC2612.sol":{"l":{},"path":"/home/steve/Documents/Dapps/BUSDPlanet/contracts/IERC2612.sol","s":{},"b":{},"f":{},"fnMap":{},"statementMap":{},"branchMap":{}},"contracts/IterableMapping.sol":{"l":{"15":0,"19":0,"20":0,"22":0,"26":0,"30":0,"38":60,"39":41,"41":19,"42":19,"43":19,"44":19,"49":135,"50":135,"53":0,"54":0,"56":0,"57":0,"58":0,"60":0,"61":0,"63":0,"64":0},"path":"/home/steve/Documents/Dapps/BUSDPlanet/contracts/IterableMapping.sol","s":{"1":0,"2":0,"3":0,"4":0,"5":0,"6":0,"7":60,"8":41,"9":19,"10":19,"11":19,"12":19,"13":135,"14":135,"15":0,"16":0,"17":0,"18":0,"19":0,"20":0},"b":{"1":[0,0],"2":[41,19],"3":[135,0]},"f":{"1":0,"2":0,"3":0,"4":0,"5":60,"6":135},"fnMap":{"1":{"name":"get","line":14,"loc":{"start":{"line":14,"column":4},"end":{"line":16,"column":4}}},"2":{"name":"getIndexOfKey","line":18,"loc":{"start":{"line":18,"column":4},"end":{"line":23,"column":4}}},"3":{"name":"getKeyAtIndex","line":25,"loc":{"start":{"line":25,"column":4},"end":{"line":27,"column":4}}},"4":{"name":"size","line":29,"loc":{"start":{"line":29,"column":4},"end":{"line":31,"column":4}}},"5":{"name":"set","line":33,"loc":{"start":{"line":33,"column":4},"end":{"line":46,"column":4}}},"6":{"name":"remove","line":48,"loc":{"start":{"line":48,"column":4},"end":{"line":65,"column":4}}}},"statementMap":{"1":{"start":{"line":15,"column":8},"end":{"line":15,"column":30}},"2":{"start":{"line":19,"column":8},"end":{"line":19,"column":537}},"3":{"start":{"line":20,"column":12},"end":{"line":20,"column":21}},"4":{"start":{"line":22,"column":8},"end":{"line":22,"column":39}},"5":{"start":{"line":26,"column":8},"end":{"line":26,"column":30}},"6":{"start":{"line":30,"column":8},"end":{"line":30,"column":30}},"7":{"start":{"line":38,"column":8},"end":{"line":38,"column":993}},"8":{"start":{"line":39,"column":12},"end":{"line":39,"column":32}},"9":{"start":{"line":41,"column":12},"end":{"line":41,"column":35}},"10":{"start":{"line":42,"column":12},"end":{"line":42,"column":32}},"11":{"start":{"line":43,"column":12},"end":{"line":43,"column":45}},"12":{"start":{"line":44,"column":12},"end":{"line":44,"column":29}},"13":{"start":{"line":49,"column":8},"end":{"line":49,"column":1309}},"14":{"start":{"line":50,"column":12},"end":{"line":50,"column":18}},"15":{"start":{"line":56,"column":8},"end":{"line":56,"column":40}},"16":{"start":{"line":57,"column":8},"end":{"line":57,"column":47}},"17":{"start":{"line":58,"column":8},"end":{"line":58,"column":45}},"18":{"start":{"line":60,"column":8},"end":{"line":60,"column":35}},"19":{"start":{"line":63,"column":8},"end":{"line":63,"column":32}},"20":{"start":{"line":64,"column":8},"end":{"line":64,"column":21}}},"branchMap":{"1":{"line":19,"type":"if","locations":[{"start":{"line":19,"column":8},"end":{"line":19,"column":8}},{"start":{"line":19,"column":8},"end":{"line":19,"column":8}}]},"2":{"line":38,"type":"if","locations":[{"start":{"line":38,"column":8},"end":{"line":38,"column":8}},{"start":{"line":38,"column":8},"end":{"line":38,"column":8}}]},"3":{"line":49,"type":"if","locations":[{"start":{"line":49,"column":8},"end":{"line":49,"column":8}},{"start":{"line":49,"column":8},"end":{"line":49,"column":8}}]}}},"contracts/Ownable.sol":{"l":{"29":114,"36":2149,"43":1093,"44":1093,"55":0,"63":57,"64":57,"72":171,"73":171,"74":171},"path":"/home/steve/Documents/Dapps/BUSDPlanet/contracts/Ownable.sol","s":{"1":114,"2":2149,"3":1093,"4":0,"5":57,"6":57,"7":171,"8":171,"9":171},"b":{"1":[1093,0],"2":[57,0]},"f":{"1":114,"2":2149,"3":1093,"4":0,"5":57,"6":171},"fnMap":{"1":{"name":"constructor","line":28,"loc":{"start":{"line":28,"column":4},"end":{"line":30,"column":4}}},"2":{"name":"owner","line":35,"loc":{"start":{"line":35,"column":4},"end":{"line":37,"column":4}}},"3":{"name":"onlyOwner","line":42,"loc":{"start":{"line":42,"column":4},"end":{"line":45,"column":4}}},"4":{"name":"renounceOwnership","line":54,"loc":{"start":{"line":54,"column":4},"end":{"line":56,"column":4}}},"5":{"name":"transferOwnership","line":62,"loc":{"start":{"line":62,"column":4},"end":{"line":65,"column":4}}},"6":{"name":"_transferOwnership","line":71,"loc":{"start":{"line":71,"column":4},"end":{"line":75,"column":4}}}},"statementMap":{"1":{"start":{"line":29,"column":8},"end":{"line":29,"column":39}},"2":{"start":{"line":36,"column":8},"end":{"line":36,"column":21}},"3":{"start":{"line":43,"column":8},"end":{"line":43,"column":75}},"4":{"start":{"line":55,"column":8},"end":{"line":55,"column":37}},"5":{"start":{"line":63,"column":8},"end":{"line":63,"column":80}},"6":{"start":{"line":64,"column":8},"end":{"line":64,"column":35}},"7":{"start":{"line":72,"column":8},"end":{"line":72,"column":33}},"8":{"start":{"line":73,"column":8},"end":{"line":73,"column":24}},"9":{"start":{"line":74,"column":8},"end":{"line":74,"column":53}}},"branchMap":{"1":{"line":43,"type":"if","locations":[{"start":{"line":43,"column":8},"end":{"line":43,"column":8}},{"start":{"line":43,"column":8},"end":{"line":43,"column":8}}]},"2":{"line":63,"type":"if","locations":[{"start":{"line":63,"column":8},"end":{"line":63,"column":8}},{"start":{"line":63,"column":8},"end":{"line":63,"column":8}}]}}},"contracts/Reward.sol":{"l":{"122":319,"126":0,"180":57,"181":57,"188":0,"196":0,"213":57,"220":0,"227":313,"239":34,"240":34,"241":34,"248":266,"262":19,"263":19,"264":19,"288":266,"289":266,"290":266,"291":266,"307":0,"308":0,"309":0,"327":0,"328":0,"329":0,"330":0,"331":0,"334":0,"356":300,"357":300,"359":300,"361":300,"362":300,"363":300,"364":300,"366":300,"368":300,"370":300,"383":57,"385":57,"387":57,"388":57,"389":57,"391":57,"406":0,"408":0,"410":0,"411":0,"412":0,"413":0,"415":0,"417":0,"419":0,"440":285,"441":285,"443":285,"444":285,"460":266,"461":266,"462":266,"463":266,"464":266,"517":57,"518":57,"522":0,"526":0},"path":"/home/steve/Documents/Dapps/BUSDPlanet/contracts/Reward.sol","s":{"1":319,"2":0,"3":57,"4":57,"5":0,"6":0,"7":57,"8":0,"9":313,"10":34,"11":34,"12":34,"13":266,"14":19,"15":19,"16":19,"17":266,"18":266,"19":266,"20":266,"21":0,"22":0,"23":0,"24":0,"25":0,"26":0,"27":0,"28":0,"29":300,"30":300,"31":300,"32":300,"33":300,"34":300,"35":300,"36":300,"37":300,"38":57,"39":57,"40":57,"41":57,"42":57,"43":57,"44":0,"45":0,"46":0,"47":0,"48":0,"49":0,"50":0,"51":0,"52":285,"53":285,"54":285,"55":285,"56":266,"57":266,"58":266,"59":266,"60":57,"61":57,"62":0,"63":0},"b":{"1":[0,0],"2":[300,0],"3":[300,0],"4":[300,0],"5":[57,0],"6":[0,0],"7":[0,0],"8":[285,0],"9":[285,0],"10":[266,0],"11":[266,0]},"f":{"1":319,"2":0,"3":57,"4":0,"5":0,"6":57,"7":0,"8":313,"9":34,"10":266,"11":19,"12":266,"13":0,"14":0,"15":300,"16":57,"17":0,"18":285,"19":266,"20":357,"21":357,"22":57,"23":0,"24":0},"fnMap":{"1":{"name":"_msgSender","line":121,"loc":{"start":{"line":121,"column":4},"end":{"line":123,"column":4}}},"2":{"name":"_msgData","line":125,"loc":{"start":{"line":125,"column":4},"end":{"line":127,"column":4}}},"3":{"name":"constructor","line":179,"loc":{"start":{"line":179,"column":4},"end":{"line":182,"column":4}}},"4":{"name":"name","line":187,"loc":{"start":{"line":187,"column":4},"end":{"line":189,"column":4}}},"5":{"name":"symbol","line":195,"loc":{"start":{"line":195,"column":4},"end":{"line":197,"column":4}}},"6":{"name":"decimals","line":212,"loc":{"start":{"line":212,"column":4},"end":{"line":214,"column":4}}},"7":{"name":"totalSupply","line":219,"loc":{"start":{"line":219,"column":4},"end":{"line":221,"column":4}}},"8":{"name":"balanceOf","line":226,"loc":{"start":{"line":226,"column":4},"end":{"line":228,"column":4}}},"9":{"name":"transfer","line":238,"loc":{"start":{"line":238,"column":4},"end":{"line":242,"column":4}}},"10":{"name":"allowance","line":247,"loc":{"start":{"line":247,"column":4},"end":{"line":249,"column":4}}},"11":{"name":"approve","line":261,"loc":{"start":{"line":261,"column":4},"end":{"line":265,"column":4}}},"12":{"name":"transferFrom","line":283,"loc":{"start":{"line":283,"column":4},"end":{"line":292,"column":4}}},"13":{"name":"increaseAllowance","line":306,"loc":{"start":{"line":306,"column":4},"end":{"line":310,"column":4}}},"14":{"name":"decreaseAllowance","line":326,"loc":{"start":{"line":326,"column":4},"end":{"line":335,"column":4}}},"15":{"name":"_transfer","line":351,"loc":{"start":{"line":351,"column":4},"end":{"line":371,"column":4}}},"16":{"name":"_mint","line":382,"loc":{"start":{"line":382,"column":4},"end":{"line":392,"column":4}}},"17":{"name":"_burn","line":405,"loc":{"start":{"line":405,"column":4},"end":{"line":420,"column":4}}},"18":{"name":"_approve","line":435,"loc":{"start":{"line":435,"column":4},"end":{"line":445,"column":4}}},"19":{"name":"_spendAllowance","line":455,"loc":{"start":{"line":455,"column":4},"end":{"line":467,"column":4}}},"20":{"name":"_beforeTokenTransfer","line":483,"loc":{"start":{"line":483,"column":4},"end":{"line":487,"column":24}}},"21":{"name":"_afterTokenTransfer","line":503,"loc":{"start":{"line":503,"column":4},"end":{"line":507,"column":24}}},"22":{"name":"constructor","line":516,"loc":{"start":{"line":512,"column":4},"end":{"line":519,"column":4}}},"23":{"name":"transferInternal","line":521,"loc":{"start":{"line":521,"column":4},"end":{"line":523,"column":4}}},"24":{"name":"approveInternal","line":525,"loc":{"start":{"line":525,"column":4},"end":{"line":527,"column":4}}}},"statementMap":{"1":{"start":{"line":122,"column":8},"end":{"line":122,"column":25}},"2":{"start":{"line":126,"column":8},"end":{"line":126,"column":23}},"3":{"start":{"line":180,"column":8},"end":{"line":180,"column":20}},"4":{"start":{"line":181,"column":8},"end":{"line":181,"column":24}},"5":{"start":{"line":188,"column":8},"end":{"line":188,"column":20}},"6":{"start":{"line":196,"column":8},"end":{"line":196,"column":22}},"7":{"start":{"line":213,"column":8},"end":{"line":213,"column":17}},"8":{"start":{"line":220,"column":8},"end":{"line":220,"column":27}},"9":{"start":{"line":227,"column":8},"end":{"line":227,"column":33}},"10":{"start":{"line":239,"column":8},"end":{"line":239,"column":36}},"11":{"start":{"line":240,"column":8},"end":{"line":240,"column":35}},"12":{"start":{"line":241,"column":8},"end":{"line":241,"column":19}},"13":{"start":{"line":248,"column":8},"end":{"line":248,"column":42}},"14":{"start":{"line":262,"column":8},"end":{"line":262,"column":36}},"15":{"start":{"line":263,"column":8},"end":{"line":263,"column":39}},"16":{"start":{"line":264,"column":8},"end":{"line":264,"column":19}},"17":{"start":{"line":288,"column":8},"end":{"line":288,"column":38}},"18":{"start":{"line":289,"column":8},"end":{"line":289,"column":45}},"19":{"start":{"line":290,"column":8},"end":{"line":290,"column":34}},"20":{"start":{"line":291,"column":8},"end":{"line":291,"column":19}},"21":{"start":{"line":307,"column":8},"end":{"line":307,"column":36}},"22":{"start":{"line":308,"column":8},"end":{"line":308,"column":71}},"23":{"start":{"line":309,"column":8},"end":{"line":309,"column":19}},"24":{"start":{"line":327,"column":8},"end":{"line":327,"column":36}},"25":{"start":{"line":328,"column":8},"end":{"line":328,"column":60}},"26":{"start":{"line":329,"column":8},"end":{"line":329,"column":92}},"27":{"start":{"line":331,"column":12},"end":{"line":331,"column":71}},"28":{"start":{"line":334,"column":8},"end":{"line":334,"column":19}},"29":{"start":{"line":356,"column":8},"end":{"line":356,"column":75}},"30":{"start":{"line":357,"column":8},"end":{"line":357,"column":71}},"31":{"start":{"line":359,"column":8},"end":{"line":359,"column":45}},"32":{"start":{"line":361,"column":8},"end":{"line":361,"column":45}},"33":{"start":{"line":362,"column":8},"end":{"line":362,"column":79}},"34":{"start":{"line":364,"column":12},"end":{"line":364,"column":49}},"35":{"start":{"line":366,"column":8},"end":{"line":366,"column":30}},"36":{"start":{"line":368,"column":8},"end":{"line":368,"column":39}},"37":{"start":{"line":370,"column":8},"end":{"line":370,"column":44}},"38":{"start":{"line":383,"column":8},"end":{"line":383,"column":72}},"39":{"start":{"line":385,"column":8},"end":{"line":385,"column":56}},"40":{"start":{"line":387,"column":8},"end":{"line":387,"column":29}},"41":{"start":{"line":388,"column":8},"end":{"line":388,"column":35}},"42":{"start":{"line":389,"column":8},"end":{"line":389,"column":50}},"43":{"start":{"line":391,"column":8},"end":{"line":391,"column":55}},"44":{"start":{"line":406,"column":8},"end":{"line":406,"column":74}},"45":{"start":{"line":408,"column":8},"end":{"line":408,"column":56}},"46":{"start":{"line":410,"column":8},"end":{"line":410,"column":51}},"47":{"start":{"line":411,"column":8},"end":{"line":411,"column":78}},"48":{"start":{"line":413,"column":12},"end":{"line":413,"column":55}},"49":{"start":{"line":415,"column":8},"end":{"line":415,"column":29}},"50":{"start":{"line":417,"column":8},"end":{"line":417,"column":50}},"51":{"start":{"line":419,"column":8},"end":{"line":419,"column":55}},"52":{"start":{"line":440,"column":8},"end":{"line":440,"column":75}},"53":{"start":{"line":441,"column":8},"end":{"line":441,"column":75}},"54":{"start":{"line":443,"column":8},"end":{"line":443,"column":43}},"55":{"start":{"line":444,"column":8},"end":{"line":444,"column":45}},"56":{"start":{"line":460,"column":8},"end":{"line":460,"column":60}},"57":{"start":{"line":461,"column":8},"end":{"line":461,"column":14922}},"58":{"start":{"line":462,"column":12},"end":{"line":462,"column":79}},"59":{"start":{"line":464,"column":16},"end":{"line":464,"column":66}},"60":{"start":{"line":517,"column":9},"end":{"line":517,"column":18}},"61":{"start":{"line":518,"column":8},"end":{"line":518,"column":39}},"62":{"start":{"line":522,"column":8},"end":{"line":522,"column":33}},"63":{"start":{"line":526,"column":8},"end":{"line":526,"column":38}}},"branchMap":{"1":{"line":329,"type":"if","locations":[{"start":{"line":329,"column":8},"end":{"line":329,"column":8}},{"start":{"line":329,"column":8},"end":{"line":329,"column":8}}]},"2":{"line":356,"type":"if","locations":[{"start":{"line":356,"column":8},"end":{"line":356,"column":8}},{"start":{"line":356,"column":8},"end":{"line":356,"column":8}}]},"3":{"line":357,"type":"if","locations":[{"start":{"line":357,"column":8},"end":{"line":357,"column":8}},{"start":{"line":357,"column":8},"end":{"line":357,"column":8}}]},"4":{"line":362,"type":"if","locations":[{"start":{"line":362,"column":8},"end":{"line":362,"column":8}},{"start":{"line":362,"column":8},"end":{"line":362,"column":8}}]},"5":{"line":383,"type":"if","locations":[{"start":{"line":383,"column":8},"end":{"line":383,"column":8}},{"start":{"line":383,"column":8},"end":{"line":383,"column":8}}]},"6":{"line":406,"type":"if","locations":[{"start":{"line":406,"column":8},"end":{"line":406,"column":8}},{"start":{"line":406,"column":8},"end":{"line":406,"column":8}}]},"7":{"line":411,"type":"if","locations":[{"start":{"line":411,"column":8},"end":{"line":411,"column":8}},{"start":{"line":411,"column":8},"end":{"line":411,"column":8}}]},"8":{"line":440,"type":"if","locations":[{"start":{"line":440,"column":8},"end":{"line":440,"column":8}},{"start":{"line":440,"column":8},"end":{"line":440,"column":8}}]},"9":{"line":441,"type":"if","locations":[{"start":{"line":441,"column":8},"end":{"line":441,"column":8}},{"start":{"line":441,"column":8},"end":{"line":441,"column":8}}]},"10":{"line":461,"type":"if","locations":[{"start":{"line":461,"column":8},"end":{"line":461,"column":8}},{"start":{"line":461,"column":8},"end":{"line":461,"column":8}}]},"11":{"line":462,"type":"if","locations":[{"start":{"line":462,"column":12},"end":{"line":462,"column":12}},{"start":{"line":462,"column":12},"end":{"line":462,"column":12}}]}}},"contracts/SafeERC20.sol":{"l":{"26":0,"34":0,"35":0,"37":0},"path":"/home/steve/Documents/Dapps/BUSDPlanet/contracts/SafeERC20.sol","s":{"1":0,"2":0,"3":0,"4":0},"b":{"1":[0,0],"2":[0,0]},"f":{"1":0,"2":0},"fnMap":{"1":{"name":"safeTransfer","line":21,"loc":{"start":{"line":21,"column":4},"end":{"line":27,"column":4}}},"2":{"name":"_callOptionalReturn","line":29,"loc":{"start":{"line":29,"column":4},"end":{"line":39,"column":4}}}},"statementMap":{"1":{"start":{"line":26,"column":8},"end":{"line":26,"column":93}},"2":{"start":{"line":34,"column":8},"end":{"line":34,"column":103}},"3":{"start":{"line":35,"column":8},"end":{"line":35,"column":1469}},"4":{"start":{"line":37,"column":12},"end":{"line":37,"column":96}}},"branchMap":{"1":{"line":35,"type":"if","locations":[{"start":{"line":35,"column":8},"end":{"line":35,"column":8}},{"start":{"line":35,"column":8},"end":{"line":35,"column":8}}]},"2":{"line":37,"type":"if","locations":[{"start":{"line":37,"column":12},"end":{"line":37,"column":12}},{"start":{"line":37,"column":12},"end":{"line":37,"column":12}}]}}}}